[ 2015-02-12T10:46:08+08:00 ] 127.0.0.1 /execl/index.php/home/charts/show
INFO: [ app_init ] --START--
INFO: Run Behavior\BuildLiteBehavior [ RunTime:0.000000s ]
INFO: [ app_init ] --END-- [ RunTime:0.003000s ]
INFO: [ app_begin ] --START--
INFO: Run Behavior\ReadHtmlCacheBehavior [ RunTime:0.002000s ]
INFO: [ app_begin ] --END-- [ RunTime:0.002000s ]
NOTIC: [2048] Declaration of Home\Controller\ChartsController::show() should be compatible with Think\Controller::show($content, $charset = '', $contentType = '', $prefix = '') D:\test1\execl\Application\Home\Controller\ChartsController.class.php Á¨¨ 72 Ë°å.
INFO: [ view_parse ] --START--
INFO: [ template_filter ] --START--
INFO: Run Behavior\ContentReplaceBehavior [ RunTime:0.000000s ]
INFO: [ template_filter ] --END-- [ RunTime:0.000000s ]
INFO: Run Behavior\ParseTemplateBehavior [ RunTime:0.111006s ]
INFO: [ view_parse ] --END-- [ RunTime:0.111006s ]
INFO: [ view_filter ] --START--
INFO: Run Behavior\WriteHtmlCacheBehavior [ RunTime:0.016001s ]
INFO: [ view_filter ] --END-- [ RunTime:0.016001s ]
INFO: [ app_end ] --START--
INFO: Run Behavior\ShowPageTraceBehavior [ RunTime:0.003000s ]
INFO: [ app_end ] --END-- [ RunTime:0.003000s ]

[ 2015-02-12T14:56:27+08:00 ] 127.0.0.1 /execl/
INFO: [ app_init ] --START--
INFO: Run Behavior\BuildLiteBehavior [ RunTime:0.000000s ]
INFO: [ app_init ] --END-- [ RunTime:0.003000s ]
INFO: [ app_begin ] --START--
INFO: Run Behavior\ReadHtmlCacheBehavior [ RunTime:0.003001s ]
INFO: [ app_begin ] --END-- [ RunTime:0.004001s ]
NOTIC: [8192] mysql_connect(): The mysql extension is deprecated and will be removed in the future: use mysqli or PDO instead D:\test1\execl\ThinkPHP\Library\Think\Db\Driver\Mysql.class.php Á¨¨ 52 Ë°å.
SQL: SHOW COLUMNS FROM `onethink_card` [ RunTime:0.016001s ]
ERR: 1146:Table 'onethink.onethink_card' doesn't exist
 [ SQLËØ≠Âè• ] : SHOW COLUMNS FROM `onethink_card`
SQL: SELECT `CardNo` FROM `onethink_card`  [ RunTime:0.002000s ]
ERR: 1146:Table 'onethink.onethink_card' doesn't exist
 [ SQLËØ≠Âè• ] : SELECT `CardNo` FROM `onethink_card` 

[ 2015-02-12T14:56:35+08:00 ] 127.0.0.1 /execl/index.php/home/excel/index
INFO: [ app_init ] --START--
INFO: Run Behavior\BuildLiteBehavior [ RunTime:0.000000s ]
INFO: [ app_init ] --END-- [ RunTime:0.024002s ]
INFO: [ app_begin ] --START--
INFO: Run Behavior\ReadHtmlCacheBehavior [ RunTime:0.002000s ]
INFO: [ app_begin ] --END-- [ RunTime:0.002000s ]
NOTIC: [8] Use of undefined constant IS_FILE - assumed 'IS_FILE' D:\test1\execl\Application\Home\Controller\ExcelController.class.php Á¨¨ 7 Ë°å.
NOTIC: [8] Undefined index: excel D:\test1\execl\Application\Home\Common\function.php Á¨¨ 4 Ë°å.
NOTIC: [8] Undefined index: excel D:\test1\execl\Application\Home\Common\function.php Á¨¨ 5 Ë°å.
INFO: [ view_parse ] --START--
INFO: [ template_filter ] --START--
INFO: Run Behavior\ContentReplaceBehavior [ RunTime:0.001000s ]
INFO: [ template_filter ] --END-- [ RunTime:0.001000s ]
INFO: Run Behavior\ParseTemplateBehavior [ RunTime:0.044003s ]
INFO: [ view_parse ] --END-- [ RunTime:0.044003s ]
INFO: [ view_filter ] --START--
INFO: Run Behavior\WriteHtmlCacheBehavior [ RunTime:0.002000s ]
INFO: [ view_filter ] --END-- [ RunTime:0.002000s ]

[ 2015-02-12T14:56:39+08:00 ] 127.0.0.1 /execl/
INFO: [ app_init ] --START--
INFO: Run Behavior\BuildLiteBehavior [ RunTime:0.000000s ]
INFO: [ app_init ] --END-- [ RunTime:0.001000s ]
INFO: [ app_begin ] --START--
INFO: Run Behavior\ReadHtmlCacheBehavior [ RunTime:0.002001s ]
INFO: [ app_begin ] --END-- [ RunTime:0.002001s ]
NOTIC: [8192] mysql_connect(): The mysql extension is deprecated and will be removed in the future: use mysqli or PDO instead D:\test1\execl\ThinkPHP\Library\Think\Db\Driver\Mysql.class.php Á¨¨ 52 Ë°å.
SQL: SHOW COLUMNS FROM `onethink_card` [ RunTime:0.012001s ]
ERR: 1146:Table 'onethink.onethink_card' doesn't exist
 [ SQLËØ≠Âè• ] : SHOW COLUMNS FROM `onethink_card`
SQL: SELECT `CardNo` FROM `onethink_card`  [ RunTime:0.001000s ]
ERR: 1146:Table 'onethink.onethink_card' doesn't exist
 [ SQLËØ≠Âè• ] : SELECT `CardNo` FROM `onethink_card` 

[ 2015-02-12T14:56:56+08:00 ] 127.0.0.1 /execl/index.php/home/excel/index
INFO: [ app_init ] --START--
INFO: Run Behavior\BuildLiteBehavior [ RunTime:0.001000s ]
INFO: [ app_init ] --END-- [ RunTime:0.002000s ]
INFO: [ app_begin ] --START--
INFO: Run Behavior\ReadHtmlCacheBehavior [ RunTime:0.002000s ]
INFO: [ app_begin ] --END-- [ RunTime:0.002000s ]
INFO: [ view_parse ] --START--
INFO: [ template_filter ] --START--
INFO: Run Behavior\ContentReplaceBehavior [ RunTime:0.000000s ]
INFO: [ template_filter ] --END-- [ RunTime:0.000000s ]
INFO: Run Behavior\ParseTemplateBehavior [ RunTime:0.022001s ]
INFO: [ view_parse ] --END-- [ RunTime:0.022001s ]
INFO: [ view_filter ] --START--
INFO: Run Behavior\WriteHtmlCacheBehavior [ RunTime:0.001000s ]
INFO: [ view_filter ] --END-- [ RunTime:0.001000s ]
INFO: [ app_end ] --START--
INFO: Run Behavior\ShowPageTraceBehavior [ RunTime:0.017001s ]
INFO: [ app_end ] --END-- [ RunTime:0.017001s ]

[ 2015-02-12T14:57:01+08:00 ] 127.0.0.1 /execl/index.php/Home/Excel/upl.html
INFO: [ app_init ] --START--
INFO: Run Behavior\BuildLiteBehavior [ RunTime:0.000000s ]
INFO: [ app_init ] --END-- [ RunTime:0.001000s ]
INFO: [ app_begin ] --START--
INFO: Run Behavior\ReadHtmlCacheBehavior [ RunTime:0.001000s ]
INFO: [ app_begin ] --END-- [ RunTime:0.002000s ]
NOTIC: [8] Use of undefined constant IS_FILE - assumed 'IS_FILE' D:\test1\execl\Application\Home\Controller\ExcelController.class.php Á¨¨ 22 Ë°å.
NOTIC: [8192] mysql_connect(): The mysql extension is deprecated and will be removed in the future: use mysqli or PDO instead D:\test1\execl\ThinkPHP\Library\Think\Db\Driver\Mysql.class.php Á¨¨ 52 Ë°å.
SQL: SHOW COLUMNS FROM `onethink_excel` [ RunTime:0.013001s ]
SQL: INSERT INTO `onethink_excel` (`totalOrderCount`,`totalOrderAmount`,`perCustomer`,`hour`) VALUES (55,22,10.5,2) [ RunTime:0.001000s ]
INFO: [ app_end ] --START--
INFO: Run Behavior\ShowPageTraceBehavior [ RunTime:0.002000s ]
INFO: [ app_end ] --END-- [ RunTime:0.003000s ]

[ 2015-02-12T14:58:03+08:00 ] 127.0.0.1 /execl/index.php/Home/Excel/upl.html
INFO: [ app_init ] --START--
INFO: Run Behavior\BuildLiteBehavior [ RunTime:0.000000s ]
INFO: [ app_init ] --END-- [ RunTime:0.001000s ]
INFO: [ app_begin ] --START--
INFO: Run Behavior\ReadHtmlCacheBehavior [ RunTime:0.001000s ]
INFO: [ app_begin ] --END-- [ RunTime:0.001000s ]
NOTIC: [8] Use of undefined constant IS_FILE - assumed 'IS_FILE' D:\test1\execl\Application\Home\Controller\ExcelController.class.php Á¨¨ 22 Ë°å.
NOTIC: [8192] mysql_connect(): The mysql extension is deprecated and will be removed in the future: use mysqli or PDO instead D:\test1\execl\ThinkPHP\Library\Think\Db\Driver\Mysql.class.php Á¨¨ 52 Ë°å.
SQL: SHOW COLUMNS FROM `onethink_excel` [ RunTime:0.015001s ]
SQL: INSERT INTO `onethink_excel` (`totalOrderCount`,`totalOrderAmount`,`perCustomer`,`hour`) VALUES (55,22,10.5,2) [ RunTime:0.001000s ]
INFO: [ app_end ] --START--
INFO: Run Behavior\ShowPageTraceBehavior [ RunTime:0.002000s ]
INFO: [ app_end ] --END-- [ RunTime:0.003001s ]

[ 2015-02-12T14:58:53+08:00 ] 127.0.0.1 /execl/index.php/Home/Excel/upl.html
INFO: [ app_init ] --START--
INFO: Run Behavior\BuildLiteBehavior [ RunTime:0.000000s ]
INFO: [ app_init ] --END-- [ RunTime:0.001000s ]
INFO: [ app_begin ] --START--
INFO: Run Behavior\ReadHtmlCacheBehavior [ RunTime:0.002000s ]
INFO: [ app_begin ] --END-- [ RunTime:0.003000s ]
NOTIC: [8] Use of undefined constant IS_FILE - assumed 'IS_FILE' D:\test1\execl\Application\Home\Controller\ExcelController.class.php Á¨¨ 22 Ë°å.
NOTIC: [8192] mysql_connect(): The mysql extension is deprecated and will be removed in the future: use mysqli or PDO instead D:\test1\execl\ThinkPHP\Library\Think\Db\Driver\Mysql.class.php Á¨¨ 52 Ë°å.
SQL: SHOW COLUMNS FROM `onethink_excel` [ RunTime:0.012001s ]

[ 2015-02-12T14:59:56+08:00 ] 127.0.0.1 /execl/index.php/Home/Excel/upl.html
INFO: [ app_init ] --START--
INFO: Run Behavior\BuildLiteBehavior [ RunTime:0.000000s ]
INFO: [ app_init ] --END-- [ RunTime:0.001000s ]
INFO: [ app_begin ] --START--
INFO: Run Behavior\ReadHtmlCacheBehavior [ RunTime:0.003000s ]
INFO: [ app_begin ] --END-- [ RunTime:0.003000s ]
NOTIC: [8] Use of undefined constant IS_FILE - assumed 'IS_FILE' D:\test1\execl\Application\Home\Controller\ExcelController.class.php Á¨¨ 22 Ë°å.
NOTIC: [8192] mysql_connect(): The mysql extension is deprecated and will be removed in the future: use mysqli or PDO instead D:\test1\execl\ThinkPHP\Library\Think\Db\Driver\Mysql.class.php Á¨¨ 52 Ë°å.
SQL: SHOW COLUMNS FROM `onethink_excel` [ RunTime:0.011001s ]
SQL: INSERT INTO `onethink_excel` (`totalOrderCount`,`totalOrderAmount`,`perCustomer`,`hour`) VALUES (55,22,10.5,2) [ RunTime:0.001000s ]
INFO: [ app_end ] --START--
INFO: Run Behavior\ShowPageTraceBehavior [ RunTime:0.002000s ]
INFO: [ app_end ] --END-- [ RunTime:0.002000s ]

[ 2015-02-12T15:00:06+08:00 ] 127.0.0.1 /execl/index.php/home/excel/index
INFO: [ app_init ] --START--
INFO: Run Behavior\BuildLiteBehavior [ RunTime:0.000000s ]
INFO: [ app_init ] --END-- [ RunTime:0.001000s ]
INFO: [ app_begin ] --START--
INFO: Run Behavior\ReadHtmlCacheBehavior [ RunTime:0.002000s ]
INFO: [ app_begin ] --END-- [ RunTime:0.002000s ]
INFO: [ view_parse ] --START--
INFO: [ template_filter ] --START--
INFO: Run Behavior\ContentReplaceBehavior [ RunTime:0.000000s ]
INFO: [ template_filter ] --END-- [ RunTime:0.000000s ]
INFO: Run Behavior\ParseTemplateBehavior [ RunTime:0.050003s ]
INFO: [ view_parse ] --END-- [ RunTime:0.050003s ]
INFO: [ view_filter ] --START--
INFO: Run Behavior\WriteHtmlCacheBehavior [ RunTime:0.001000s ]
INFO: [ view_filter ] --END-- [ RunTime:0.001000s ]
INFO: [ app_end ] --START--
INFO: Run Behavior\ShowPageTraceBehavior [ RunTime:0.002000s ]
INFO: [ app_end ] --END-- [ RunTime:0.002000s ]

[ 2015-02-12T15:00:11+08:00 ] 127.0.0.1 /execl/index.php/Home/Excel/upl.html
INFO: [ app_init ] --START--
INFO: Run Behavior\BuildLiteBehavior [ RunTime:0.000000s ]
INFO: [ app_init ] --END-- [ RunTime:0.002000s ]
INFO: [ app_begin ] --START--
INFO: Run Behavior\ReadHtmlCacheBehavior [ RunTime:0.003000s ]
INFO: [ app_begin ] --END-- [ RunTime:0.004000s ]
NOTIC: [8] Use of undefined constant IS_FILE - assumed 'IS_FILE' D:\test1\execl\Application\Home\Controller\ExcelController.class.php Á¨¨ 22 Ë°å.
NOTIC: [8192] mysql_connect(): The mysql extension is deprecated and will be removed in the future: use mysqli or PDO instead D:\test1\execl\ThinkPHP\Library\Think\Db\Driver\Mysql.class.php Á¨¨ 52 Ë°å.
SQL: SHOW COLUMNS FROM `onethink_excel` [ RunTime:0.015001s ]
SQL: INSERT INTO `onethink_excel` (`totalOrderCount`,`totalOrderAmount`,`perCustomer`,`hour`) VALUES (55,22,10.5,2) [ RunTime:0.001000s ]
INFO: [ app_end ] --START--
INFO: Run Behavior\ShowPageTraceBehavior [ RunTime:0.002000s ]
INFO: [ app_end ] --END-- [ RunTime:0.002000s ]

[ 2015-02-12T15:01:24+08:00 ] 127.0.0.1 /execl/index.php/Home/Excel/upl.html
INFO: [ app_init ] --START--
INFO: Run Behavior\BuildLiteBehavior [ RunTime:0.000000s ]
INFO: [ app_init ] --END-- [ RunTime:0.001000s ]
INFO: [ app_begin ] --START--
INFO: Run Behavior\ReadHtmlCacheBehavior [ RunTime:0.001000s ]
INFO: [ app_begin ] --END-- [ RunTime:0.003000s ]
NOTIC: [8] Use of undefined constant IS_FILE - assumed 'IS_FILE' D:\test1\execl\Application\Home\Controller\ExcelController.class.php Á¨¨ 22 Ë°å.
NOTIC: [8192] mysql_connect(): The mysql extension is deprecated and will be removed in the future: use mysqli or PDO instead D:\test1\execl\ThinkPHP\Library\Think\Db\Driver\Mysql.class.php Á¨¨ 52 Ë°å.
SQL: SHOW COLUMNS FROM `onethink_excel` [ RunTime:0.021001s ]
SQL: INSERT INTO `onethink_excel` (`totalOrderCount`,`totalOrderAmount`,`perCustomer`,`hour`) VALUES (55,22,10.5,2) [ RunTime:0.000000s ]
INFO: [ app_end ] --START--
INFO: Run Behavior\ShowPageTraceBehavior [ RunTime:0.002000s ]
INFO: [ app_end ] --END-- [ RunTime:0.002000s ]

[ 2015-02-12T15:02:00+08:00 ] 127.0.0.1 /execl/index.php/Home/Excel/upl.html
INFO: [ app_init ] --START--
INFO: Run Behavior\BuildLiteBehavior [ RunTime:0.000000s ]
INFO: [ app_init ] --END-- [ RunTime:0.002000s ]
INFO: [ app_begin ] --START--
INFO: Run Behavior\ReadHtmlCacheBehavior [ RunTime:0.001000s ]
INFO: [ app_begin ] --END-- [ RunTime:0.003000s ]
NOTIC: [8] Use of undefined constant IS_FILE - assumed 'IS_FILE' D:\test1\execl\Application\Home\Controller\ExcelController.class.php Á¨¨ 22 Ë°å.
NOTIC: [8192] mysql_connect(): The mysql extension is deprecated and will be removed in the future: use mysqli or PDO instead D:\test1\execl\ThinkPHP\Library\Think\Db\Driver\Mysql.class.php Á¨¨ 52 Ë°å.
SQL: SHOW COLUMNS FROM `onethink_excel` [ RunTime:0.028001s ]
SQL: INSERT INTO `onethink_excel` (`totalOrderCount`,`totalOrderAmount`,`perCustomer`,`hour`) VALUES (55,22,10.5,2) [ RunTime:0.001000s ]
INFO: [ app_end ] --START--
INFO: Run Behavior\ShowPageTraceBehavior [ RunTime:0.004000s ]
INFO: [ app_end ] --END-- [ RunTime:0.004000s ]

[ 2015-02-12T15:03:33+08:00 ] 127.0.0.1 /execl/index.php/Home/Excel/upl.html
INFO: [ app_init ] --START--
INFO: Run Behavior\BuildLiteBehavior [ RunTime:0.000000s ]
INFO: [ app_init ] --END-- [ RunTime:0.002000s ]
INFO: [ app_begin ] --START--
INFO: Run Behavior\ReadHtmlCacheBehavior [ RunTime:0.002000s ]
INFO: [ app_begin ] --END-- [ RunTime:0.002000s ]
NOTIC: [8] Use of undefined constant IS_FILE - assumed 'IS_FILE' D:\test1\execl\Application\Home\Controller\ExcelController.class.php Á¨¨ 22 Ë°å.
NOTIC: [8192] mysql_connect(): The mysql extension is deprecated and will be removed in the future: use mysqli or PDO instead D:\test1\execl\ThinkPHP\Library\Think\Db\Driver\Mysql.class.php Á¨¨ 52 Ë°å.
SQL: SHOW COLUMNS FROM `onethink_excel` [ RunTime:0.014000s ]
SQL: INSERT INTO `onethink_excel` (`totalOrderCount`,`totalOrderAmount`,`perCustomer`,`hour`) VALUES (55,22,10.5,2) [ RunTime:0.001001s ]
INFO: [ app_end ] --START--
INFO: Run Behavior\ShowPageTraceBehavior [ RunTime:0.002000s ]
INFO: [ app_end ] --END-- [ RunTime:0.002000s ]

[ 2015-02-12T15:05:43+08:00 ] 127.0.0.1 /execl/index.php/Home/Excel/upl.html
INFO: [ app_init ] --START--
INFO: Run Behavior\BuildLiteBehavior [ RunTime:0.000000s ]
INFO: [ app_init ] --END-- [ RunTime:0.005000s ]
INFO: [ app_begin ] --START--
INFO: Run Behavior\ReadHtmlCacheBehavior [ RunTime:0.002000s ]
INFO: [ app_begin ] --END-- [ RunTime:0.002000s ]
NOTIC: [8] Use of undefined constant IS_FILE - assumed 'IS_FILE' D:\test1\execl\Application\Home\Controller\ExcelController.class.php Á¨¨ 22 Ë°å.
NOTIC: [8192] mysql_connect(): The mysql extension is deprecated and will be removed in the future: use mysqli or PDO instead D:\test1\execl\ThinkPHP\Library\Think\Db\Driver\Mysql.class.php Á¨¨ 52 Ë°å.
SQL: SHOW COLUMNS FROM `onethink_excel` [ RunTime:0.015001s ]
SQL: INSERT INTO `onethink_excel` (`totalOrderCount`,`totalOrderAmount`,`perCustomer`,`hour`) VALUES (55,22,10.5,2) [ RunTime:0.000000s ]
INFO: [ app_end ] --START--
INFO: Run Behavior\ShowPageTraceBehavior [ RunTime:0.001000s ]
INFO: [ app_end ] --END-- [ RunTime:0.002001s ]

[ 2015-02-12T15:06:39+08:00 ] 127.0.0.1 /execl/index.php/Home/Excel/upl.html
INFO: [ app_init ] --START--
INFO: Run Behavior\BuildLiteBehavior [ RunTime:0.000000s ]
INFO: [ app_init ] --END-- [ RunTime:0.001000s ]
INFO: [ app_begin ] --START--
INFO: Run Behavior\ReadHtmlCacheBehavior [ RunTime:0.001000s ]
INFO: [ app_begin ] --END-- [ RunTime:0.002000s ]
NOTIC: [8] Use of undefined constant IS_FILE - assumed 'IS_FILE' D:\test1\execl\Application\Home\Controller\ExcelController.class.php Á¨¨ 22 Ë°å.
NOTIC: [8192] mysql_connect(): The mysql extension is deprecated and will be removed in the future: use mysqli or PDO instead D:\test1\execl\ThinkPHP\Library\Think\Db\Driver\Mysql.class.php Á¨¨ 52 Ë°å.
SQL: SHOW COLUMNS FROM `onethink_excel` [ RunTime:0.015001s ]
SQL: INSERT INTO `onethink_excel` (`totalOrderCount`,`totalOrderAmount`,`perCustomer`,`hour`) VALUES (55,22,10.5,2) [ RunTime:0.001000s ]
INFO: [ app_end ] --START--
INFO: Run Behavior\ShowPageTraceBehavior [ RunTime:0.002000s ]
INFO: [ app_end ] --END-- [ RunTime:0.002000s ]

[ 2015-02-12T15:08:40+08:00 ] 127.0.0.1 /execl/index.php/Home/Excel/upl.html
INFO: [ app_init ] --START--
INFO: Run Behavior\BuildLiteBehavior [ RunTime:0.000000s ]
INFO: [ app_init ] --END-- [ RunTime:0.002000s ]
INFO: [ app_begin ] --START--
INFO: Run Behavior\ReadHtmlCacheBehavior [ RunTime:0.001000s ]
INFO: [ app_begin ] --END-- [ RunTime:0.001000s ]
NOTIC: [8] Use of undefined constant IS_FILE - assumed 'IS_FILE' D:\test1\execl\Application\Home\Controller\ExcelController.class.php Á¨¨ 22 Ë°å.
NOTIC: [8192] mysql_connect(): The mysql extension is deprecated and will be removed in the future: use mysqli or PDO instead D:\test1\execl\ThinkPHP\Library\Think\Db\Driver\Mysql.class.php Á¨¨ 52 Ë°å.
SQL: SHOW COLUMNS FROM `onethink_excel` [ RunTime:0.011001s ]
SQL: INSERT INTO `onethink_excel` (`totalOrderCount`,`totalOrderAmount`,`perCustomer`,`hour`) VALUES (55,22,10.5,2) [ RunTime:0.000000s ]
INFO: [ app_end ] --START--
INFO: Run Behavior\ShowPageTraceBehavior [ RunTime:0.001000s ]
INFO: [ app_end ] --END-- [ RunTime:0.001000s ]

[ 2015-02-12T15:10:24+08:00 ] 127.0.0.1 /execl/index.php/Home/Excel/upl.html
INFO: [ app_init ] --START--
INFO: Run Behavior\BuildLiteBehavior [ RunTime:0.000000s ]
INFO: [ app_init ] --END-- [ RunTime:0.001000s ]
INFO: [ app_begin ] --START--
INFO: Run Behavior\ReadHtmlCacheBehavior [ RunTime:0.001000s ]
INFO: [ app_begin ] --END-- [ RunTime:0.001000s ]
NOTIC: [8] Use of undefined constant IS_FILE - assumed 'IS_FILE' D:\test1\execl\Application\Home\Controller\ExcelController.class.php Á¨¨ 22 Ë°å.
NOTIC: [8192] mysql_connect(): The mysql extension is deprecated and will be removed in the future: use mysqli or PDO instead D:\test1\execl\ThinkPHP\Library\Think\Db\Driver\Mysql.class.php Á¨¨ 52 Ë°å.
SQL: SHOW COLUMNS FROM `onethink_excel` [ RunTime:0.013001s ]
SQL: INSERT INTO `onethink_excel` (`totalOrderCount`,`totalOrderAmount`,`perCustomer`,`hour`) VALUES (55,22,10.5,2) [ RunTime:0.001000s ]
INFO: [ app_end ] --START--
INFO: Run Behavior\ShowPageTraceBehavior [ RunTime:0.002000s ]
INFO: [ app_end ] --END-- [ RunTime:0.003000s ]

[ 2015-02-12T15:12:27+08:00 ] 127.0.0.1 /execl/index.php/Home/Excel/upl.html
INFO: [ app_init ] --START--
INFO: Run Behavior\BuildLiteBehavior [ RunTime:0.000000s ]
INFO: [ app_init ] --END-- [ RunTime:0.002000s ]
INFO: [ app_begin ] --START--
INFO: Run Behavior\ReadHtmlCacheBehavior [ RunTime:0.005000s ]
INFO: [ app_begin ] --END-- [ RunTime:0.005000s ]
NOTIC: [8] Use of undefined constant IS_FILE - assumed 'IS_FILE' D:\test1\execl\Application\Home\Controller\ExcelController.class.php Á¨¨ 22 Ë°å.
NOTIC: [8192] mysql_connect(): The mysql extension is deprecated and will be removed in the future: use mysqli or PDO instead D:\test1\execl\ThinkPHP\Library\Think\Db\Driver\Mysql.class.php Á¨¨ 52 Ë°å.
SQL: SHOW COLUMNS FROM `onethink_excel` [ RunTime:0.013001s ]
SQL: INSERT INTO `onethink_excel` (`totalOrderCount`,`totalOrderAmount`,`perCustomer`,`hour`) VALUES (55,22,10.5,2) [ RunTime:0.002000s ]
INFO: [ app_end ] --START--
INFO: Run Behavior\ShowPageTraceBehavior [ RunTime:0.002000s ]
INFO: [ app_end ] --END-- [ RunTime:0.003000s ]

[ 2015-02-12T15:14:12+08:00 ] 127.0.0.1 /execl/index.php/Home/Excel/upl.html
INFO: [ app_init ] --START--
INFO: Run Behavior\BuildLiteBehavior [ RunTime:0.000000s ]
INFO: [ app_init ] --END-- [ RunTime:0.003000s ]
INFO: [ app_begin ] --START--
INFO: Run Behavior\ReadHtmlCacheBehavior [ RunTime:0.002000s ]
INFO: [ app_begin ] --END-- [ RunTime:0.002000s ]
NOTIC: [8] Use of undefined constant IS_FILE - assumed 'IS_FILE' D:\test1\execl\Application\Home\Controller\ExcelController.class.php Á¨¨ 22 Ë°å.
NOTIC: [8192] mysql_connect(): The mysql extension is deprecated and will be removed in the future: use mysqli or PDO instead D:\test1\execl\ThinkPHP\Library\Think\Db\Driver\Mysql.class.php Á¨¨ 52 Ë°å.
SQL: SHOW COLUMNS FROM `onethink_excel` [ RunTime:0.013000s ]
SQL: INSERT INTO `onethink_excel` (`totalOrderCount`,`totalOrderAmount`,`perCustomer`,`hour`) VALUES (55,22,10.5,2) [ RunTime:0.001000s ]
SQL: INSERT INTO `onethink_excel` (`totalOrderCount`,`totalOrderAmount`,`perCustomer`,`hour`) VALUES (23,34,23,3) [ RunTime:0.000000s ]
SQL: INSERT INTO `onethink_excel` (`totalOrderCount`,`totalOrderAmount`,`perCustomer`,`hour`) VALUES ('‰∏≠Êñá','Â•\Ω','ÂèØ‰ª•',4) [ RunTime:0.000000s ]
INFO: [ view_parse ] --START--
INFO: [ template_filter ] --START--
INFO: Run Behavior\ContentReplaceBehavior [ RunTime:0.000000s ]
INFO: [ template_filter ] --END-- [ RunTime:0.001000s ]
INFO: Run Behavior\ParseTemplateBehavior [ RunTime:0.049002s ]
INFO: [ view_parse ] --END-- [ RunTime:0.049002s ]
INFO: [ view_filter ] --START--
INFO: Run Behavior\WriteHtmlCacheBehavior [ RunTime:0.001000s ]
INFO: [ view_filter ] --END-- [ RunTime:0.001000s ]

[ 2015-02-12T15:42:29+08:00 ] 127.0.0.1 /execl/index.php/Home/Excel/upl.html
INFO: [ app_init ] --START--
INFO: Run Behavior\BuildLiteBehavior [ RunTime:0.000000s ]
INFO: [ app_init ] --END-- [ RunTime:0.002000s ]
INFO: [ app_begin ] --START--
INFO: Run Behavior\ReadHtmlCacheBehavior [ RunTime:0.002000s ]
INFO: [ app_begin ] --END-- [ RunTime:0.002000s ]
NOTIC: [8] Use of undefined constant IS_FILE - assumed 'IS_FILE' D:\test1\execl\Application\Home\Controller\ExcelController.class.php Á¨¨ 22 Ë°å.
NOTIC: [8192] mysql_connect(): The mysql extension is deprecated and will be removed in the future: use mysqli or PDO instead D:\test1\execl\ThinkPHP\Library\Think\Db\Driver\Mysql.class.php Á¨¨ 52 Ë°å.
SQL: SHOW COLUMNS FROM `onethink_excelimport` [ RunTime:0.014001s ]
NOTIC: [2] array_combine(): Both parameters should have an equal number of elements D:\test1\execl\Application\Home\Common\function.php Á¨¨ 44 Ë°å.
INFO: [ view_parse ] --START--
INFO: [ template_filter ] --START--
INFO: Run Behavior\ContentReplaceBehavior [ RunTime:0.001000s ]
INFO: [ template_filter ] --END-- [ RunTime:0.001000s ]
INFO: Run Behavior\ParseTemplateBehavior [ RunTime:0.059003s ]
INFO: [ view_parse ] --END-- [ RunTime:0.059003s ]
INFO: [ view_filter ] --START--
INFO: Run Behavior\WriteHtmlCacheBehavior [ RunTime:0.002000s ]
INFO: [ view_filter ] --END-- [ RunTime:0.002000s ]

[ 2015-02-12T15:42:35+08:00 ] 127.0.0.1 /execl/index.php/Home/Excel/upl.html
INFO: [ app_init ] --START--
INFO: Run Behavior\BuildLiteBehavior [ RunTime:0.000000s ]
INFO: [ app_init ] --END-- [ RunTime:0.002000s ]
INFO: [ app_begin ] --START--
INFO: Run Behavior\ReadHtmlCacheBehavior [ RunTime:0.004001s ]
INFO: [ app_begin ] --END-- [ RunTime:0.004001s ]
NOTIC: [8] Use of undefined constant IS_FILE - assumed 'IS_FILE' D:\test1\execl\Application\Home\Controller\ExcelController.class.php Á¨¨ 22 Ë°å.
NOTIC: [8192] mysql_connect(): The mysql extension is deprecated and will be removed in the future: use mysqli or PDO instead D:\test1\execl\ThinkPHP\Library\Think\Db\Driver\Mysql.class.php Á¨¨ 52 Ë°å.
SQL: SHOW COLUMNS FROM `onethink_excelimport` [ RunTime:0.013001s ]
NOTIC: [2] array_combine(): Both parameters should have an equal number of elements D:\test1\execl\Application\Home\Common\function.php Á¨¨ 44 Ë°å.
INFO: [ view_parse ] --START--
INFO: [ template_filter ] --START--
INFO: Run Behavior\ContentReplaceBehavior [ RunTime:0.000000s ]
INFO: [ template_filter ] --END-- [ RunTime:0.000000s ]
INFO: Run Behavior\ParseTemplateBehavior [ RunTime:0.017001s ]
INFO: [ view_parse ] --END-- [ RunTime:0.017001s ]
INFO: [ view_filter ] --START--
INFO: Run Behavior\WriteHtmlCacheBehavior [ RunTime:0.001000s ]
INFO: [ view_filter ] --END-- [ RunTime:0.002000s ]

[ 2015-02-12T15:42:59+08:00 ] 127.0.0.1 /execl/index.php/Home/Excel/upl.html
INFO: [ app_init ] --START--
INFO: Run Behavior\BuildLiteBehavior [ RunTime:0.000000s ]
INFO: [ app_init ] --END-- [ RunTime:0.001000s ]
INFO: [ app_begin ] --START--
INFO: Run Behavior\ReadHtmlCacheBehavior [ RunTime:0.002000s ]
INFO: [ app_begin ] --END-- [ RunTime:0.002000s ]
NOTIC: [8] Use of undefined constant IS_FILE - assumed 'IS_FILE' D:\test1\execl\Application\Home\Controller\ExcelController.class.php Á¨¨ 22 Ë°å.
NOTIC: [8192] mysql_connect(): The mysql extension is deprecated and will be removed in the future: use mysqli or PDO instead D:\test1\execl\ThinkPHP\Library\Think\Db\Driver\Mysql.class.php Á¨¨ 52 Ë°å.
SQL: SHOW COLUMNS FROM `onethink_excelimport` [ RunTime:0.016001s ]
NOTIC: [2] array_combine(): Both parameters should have an equal number of elements D:\test1\execl\Application\Home\Common\function.php Á¨¨ 44 Ë°å.
INFO: [ view_parse ] --START--
INFO: [ template_filter ] --START--
INFO: Run Behavior\ContentReplaceBehavior [ RunTime:0.000000s ]
INFO: [ template_filter ] --END-- [ RunTime:0.000000s ]
INFO: Run Behavior\ParseTemplateBehavior [ RunTime:0.022001s ]
INFO: [ view_parse ] --END-- [ RunTime:0.022001s ]
INFO: [ view_filter ] --START--
INFO: Run Behavior\WriteHtmlCacheBehavior [ RunTime:0.002000s ]
INFO: [ view_filter ] --END-- [ RunTime:0.002000s ]

[ 2015-02-12T15:43:28+08:00 ] 127.0.0.1 /execl/index.php/Home/Excel/upl.html
INFO: [ app_init ] --START--
INFO: Run Behavior\BuildLiteBehavior [ RunTime:0.000000s ]
INFO: [ app_init ] --END-- [ RunTime:0.002000s ]
INFO: [ app_begin ] --START--
INFO: Run Behavior\ReadHtmlCacheBehavior [ RunTime:0.002000s ]
INFO: [ app_begin ] --END-- [ RunTime:0.002000s ]
NOTIC: [8] Use of undefined constant IS_FILE - assumed 'IS_FILE' D:\test1\execl\Application\Home\Controller\ExcelController.class.php Á¨¨ 22 Ë°å.
NOTIC: [8192] mysql_connect(): The mysql extension is deprecated and will be removed in the future: use mysqli or PDO instead D:\test1\execl\ThinkPHP\Library\Think\Db\Driver\Mysql.class.php Á¨¨ 52 Ë°å.
SQL: SHOW COLUMNS FROM `onethink_excelimport` [ RunTime:0.014000s ]
NOTIC: [2] array_combine(): Both parameters should have an equal number of elements D:\test1\execl\Application\Home\Common\function.php Á¨¨ 44 Ë°å.
INFO: [ view_parse ] --START--
INFO: [ template_filter ] --START--
INFO: Run Behavior\ContentReplaceBehavior [ RunTime:0.000000s ]
INFO: [ template_filter ] --END-- [ RunTime:0.000000s ]
INFO: Run Behavior\ParseTemplateBehavior [ RunTime:0.028002s ]
INFO: [ view_parse ] --END-- [ RunTime:0.028002s ]
INFO: [ view_filter ] --START--
INFO: Run Behavior\WriteHtmlCacheBehavior [ RunTime:0.001000s ]
INFO: [ view_filter ] --END-- [ RunTime:0.001000s ]

[ 2015-02-12T15:43:35+08:00 ] 127.0.0.1 /execl/index.php/Home/Excel/upl.html
INFO: [ app_init ] --START--
INFO: Run Behavior\BuildLiteBehavior [ RunTime:0.000000s ]
INFO: [ app_init ] --END-- [ RunTime:0.003000s ]
INFO: [ app_begin ] --START--
INFO: Run Behavior\ReadHtmlCacheBehavior [ RunTime:0.002000s ]
INFO: [ app_begin ] --END-- [ RunTime:0.002000s ]
NOTIC: [8] Use of undefined constant IS_FILE - assumed 'IS_FILE' D:\test1\execl\Application\Home\Controller\ExcelController.class.php Á¨¨ 22 Ë°å.
NOTIC: [8192] mysql_connect(): The mysql extension is deprecated and will be removed in the future: use mysqli or PDO instead D:\test1\execl\ThinkPHP\Library\Think\Db\Driver\Mysql.class.php Á¨¨ 52 Ë°å.
SQL: SHOW COLUMNS FROM `onethink_excelimport` [ RunTime:0.015001s ]
NOTIC: [2] array_combine(): Both parameters should have an equal number of elements D:\test1\execl\Application\Home\Common\function.php Á¨¨ 44 Ë°å.
INFO: [ view_parse ] --START--
INFO: [ template_filter ] --START--
INFO: Run Behavior\ContentReplaceBehavior [ RunTime:0.000000s ]
INFO: [ template_filter ] --END-- [ RunTime:0.001000s ]
INFO: Run Behavior\ParseTemplateBehavior [ RunTime:0.018001s ]
INFO: [ view_parse ] --END-- [ RunTime:0.018001s ]
INFO: [ view_filter ] --START--
INFO: Run Behavior\WriteHtmlCacheBehavior [ RunTime:0.001000s ]
INFO: [ view_filter ] --END-- [ RunTime:0.001000s ]

[ 2015-02-12T15:44:22+08:00 ] 127.0.0.1 /execl/index.php/Home/Excel/upl.html
INFO: [ app_init ] --START--
INFO: Run Behavior\BuildLiteBehavior [ RunTime:0.000000s ]
INFO: [ app_init ] --END-- [ RunTime:0.003000s ]
INFO: [ app_begin ] --START--
INFO: Run Behavior\ReadHtmlCacheBehavior [ RunTime:0.004000s ]
INFO: [ app_begin ] --END-- [ RunTime:0.005000s ]
NOTIC: [8] Use of undefined constant IS_FILE - assumed 'IS_FILE' D:\test1\execl\Application\Home\Controller\ExcelController.class.php Á¨¨ 22 Ë°å.
NOTIC: [8192] mysql_connect(): The mysql extension is deprecated and will be removed in the future: use mysqli or PDO instead D:\test1\execl\ThinkPHP\Library\Think\Db\Driver\Mysql.class.php Á¨¨ 52 Ë°å.
SQL: SHOW COLUMNS FROM `onethink_excelimport` [ RunTime:0.014001s ]
NOTIC: [2] array_combine(): Both parameters should have an equal number of elements D:\test1\execl\Application\Home\Common\function.php Á¨¨ 44 Ë°å.

[ 2015-02-12T15:45:55+08:00 ] 127.0.0.1 /execl/index.php/Home/Excel/upl.html
INFO: [ app_init ] --START--
INFO: Run Behavior\BuildLiteBehavior [ RunTime:0.000000s ]
INFO: [ app_init ] --END-- [ RunTime:0.003000s ]
INFO: [ app_begin ] --START--
INFO: Run Behavior\ReadHtmlCacheBehavior [ RunTime:0.002000s ]
INFO: [ app_begin ] --END-- [ RunTime:0.002000s ]
NOTIC: [8] Use of undefined constant IS_FILE - assumed 'IS_FILE' D:\test1\execl\Application\Home\Controller\ExcelController.class.php Á¨¨ 22 Ë°å.
NOTIC: [8192] mysql_connect(): The mysql extension is deprecated and will be removed in the future: use mysqli or PDO instead D:\test1\execl\ThinkPHP\Library\Think\Db\Driver\Mysql.class.php Á¨¨ 52 Ë°å.
SQL: SHOW COLUMNS FROM `onethink_excelimport` [ RunTime:0.013000s ]
NOTIC: [2] array_combine(): Both parameters should have an equal number of elements D:\test1\execl\Application\Home\Common\function.php Á¨¨ 44 Ë°å.

[ 2015-02-12T15:46:02+08:00 ] 127.0.0.1 /execl/index.php/home/excel/index
INFO: [ app_init ] --START--
INFO: Run Behavior\BuildLiteBehavior [ RunTime:0.000000s ]
INFO: [ app_init ] --END-- [ RunTime:0.001000s ]
INFO: [ app_begin ] --START--
INFO: Run Behavior\ReadHtmlCacheBehavior [ RunTime:0.002001s ]
INFO: [ app_begin ] --END-- [ RunTime:0.003001s ]
INFO: [ view_parse ] --START--
INFO: [ template_filter ] --START--
INFO: Run Behavior\ContentReplaceBehavior [ RunTime:0.000000s ]
INFO: [ template_filter ] --END-- [ RunTime:0.001000s ]
INFO: Run Behavior\ParseTemplateBehavior [ RunTime:0.019001s ]
INFO: [ view_parse ] --END-- [ RunTime:0.019001s ]
INFO: [ view_filter ] --START--
INFO: Run Behavior\WriteHtmlCacheBehavior [ RunTime:0.001000s ]
INFO: [ view_filter ] --END-- [ RunTime:0.001000s ]
INFO: [ app_end ] --START--
INFO: Run Behavior\ShowPageTraceBehavior [ RunTime:0.002000s ]
INFO: [ app_end ] --END-- [ RunTime:0.002000s ]

[ 2015-02-12T15:46:10+08:00 ] 127.0.0.1 /execl/index.php/Home/Excel/upl.html
INFO: [ app_init ] --START--
INFO: Run Behavior\BuildLiteBehavior [ RunTime:0.000000s ]
INFO: [ app_init ] --END-- [ RunTime:0.008001s ]
INFO: [ app_begin ] --START--
INFO: Run Behavior\ReadHtmlCacheBehavior [ RunTime:0.004000s ]
INFO: [ app_begin ] --END-- [ RunTime:0.004000s ]
NOTIC: [8] Use of undefined constant IS_FILE - assumed 'IS_FILE' D:\test1\execl\Application\Home\Controller\ExcelController.class.php Á¨¨ 22 Ë°å.
NOTIC: [8192] mysql_connect(): The mysql extension is deprecated and will be removed in the future: use mysqli or PDO instead D:\test1\execl\ThinkPHP\Library\Think\Db\Driver\Mysql.class.php Á¨¨ 52 Ë°å.
SQL: SHOW COLUMNS FROM `onethink_excelimport` [ RunTime:0.015000s ]
NOTIC: [2] array_combine(): Both parameters should have an equal number of elements D:\test1\execl\Application\Home\Common\function.php Á¨¨ 44 Ë°å.

[ 2015-02-12T15:46:53+08:00 ] 127.0.0.1 /execl/index.php/Home/Excel/upl.html
INFO: [ app_init ] --START--
INFO: Run Behavior\BuildLiteBehavior [ RunTime:0.000000s ]
INFO: [ app_init ] --END-- [ RunTime:0.001000s ]
INFO: [ app_begin ] --START--
INFO: Run Behavior\ReadHtmlCacheBehavior [ RunTime:0.005000s ]
INFO: [ app_begin ] --END-- [ RunTime:0.005000s ]
NOTIC: [8] Use of undefined constant IS_FILE - assumed 'IS_FILE' D:\test1\execl\Application\Home\Controller\ExcelController.class.php Á¨¨ 22 Ë°å.
NOTIC: [8192] mysql_connect(): The mysql extension is deprecated and will be removed in the future: use mysqli or PDO instead D:\test1\execl\ThinkPHP\Library\Think\Db\Driver\Mysql.class.php Á¨¨ 52 Ë°å.
SQL: SHOW COLUMNS FROM `onethink_excelimport` [ RunTime:0.017001s ]
NOTIC: [2] array_combine(): Both parameters should have an equal number of elements D:\test1\execl\Application\Home\Common\function.php Á¨¨ 44 Ë°å.

[ 2015-02-12T15:48:02+08:00 ] 127.0.0.1 /execl/index.php/Home/Excel/upl.html
INFO: [ app_init ] --START--
INFO: Run Behavior\BuildLiteBehavior [ RunTime:0.000000s ]
INFO: [ app_init ] --END-- [ RunTime:0.001000s ]
INFO: [ app_begin ] --START--
INFO: Run Behavior\ReadHtmlCacheBehavior [ RunTime:0.001000s ]
INFO: [ app_begin ] --END-- [ RunTime:0.003000s ]
NOTIC: [8] Use of undefined constant IS_FILE - assumed 'IS_FILE' D:\test1\execl\Application\Home\Controller\ExcelController.class.php Á¨¨ 22 Ë°å.
NOTIC: [8192] mysql_connect(): The mysql extension is deprecated and will be removed in the future: use mysqli or PDO instead D:\test1\execl\ThinkPHP\Library\Think\Db\Driver\Mysql.class.php Á¨¨ 52 Ë°å.
SQL: SHOW COLUMNS FROM `onethink_excelimport` [ RunTime:0.016000s ]
SQL: INSERT INTO `onethink_excelimport` (`id`,`qname`,`pname`,`payment`,`order_sn`,`complete_time`) VALUES (1,'ÁîµÂïÜ_Ê∏†ÈÅìÂ∫\ó(ËÇ°‰ªΩ)','Ê∑òÂÆù',12345.12,1001001,null) [ RunTime:0.001000s ]
ERR: 1048:Column 'complete_time' cannot be null
 [ SQLËØ≠Âè• ] : INSERT INTO `onethink_excelimport` (`id`,`qname`,`pname`,`payment`,`order_sn`,`complete_time`) VALUES (1,'ÁîµÂïÜ_Ê∏†ÈÅìÂ∫\ó(ËÇ°‰ªΩ)','Ê∑òÂÆù',12345.12,1001001,null)
INFO: [ view_parse ] --START--
INFO: [ template_filter ] --START--
INFO: Run Behavior\ContentReplaceBehavior [ RunTime:0.000000s ]
INFO: [ template_filter ] --END-- [ RunTime:0.001000s ]
INFO: Run Behavior\ParseTemplateBehavior [ RunTime:0.019001s ]
INFO: [ view_parse ] --END-- [ RunTime:0.019001s ]
INFO: [ view_filter ] --START--
INFO: Run Behavior\WriteHtmlCacheBehavior [ RunTime:0.002000s ]
INFO: [ view_filter ] --END-- [ RunTime:0.002000s ]

[ 2015-02-12T15:48:08+08:00 ] 127.0.0.1 /execl/index.php/Home/Excel/upl.html
INFO: [ app_init ] --START--
INFO: Run Behavior\BuildLiteBehavior [ RunTime:0.000000s ]
INFO: [ app_init ] --END-- [ RunTime:0.001000s ]
INFO: [ app_begin ] --START--
INFO: Run Behavior\ReadHtmlCacheBehavior [ RunTime:0.002000s ]
INFO: [ app_begin ] --END-- [ RunTime:0.002000s ]
NOTIC: [8] Use of undefined constant IS_FILE - assumed 'IS_FILE' D:\test1\execl\Application\Home\Controller\ExcelController.class.php Á¨¨ 22 Ë°å.
NOTIC: [8192] mysql_connect(): The mysql extension is deprecated and will be removed in the future: use mysqli or PDO instead D:\test1\execl\ThinkPHP\Library\Think\Db\Driver\Mysql.class.php Á¨¨ 52 Ë°å.
SQL: SHOW COLUMNS FROM `onethink_excelimport` [ RunTime:0.015001s ]
SQL: INSERT INTO `onethink_excelimport` (`id`,`qname`,`pname`,`payment`,`order_sn`,`complete_time`) VALUES (1,'ÁîµÂïÜ_Ê∏†ÈÅìÂ∫\ó(ËÇ°‰ªΩ)','Ê∑òÂÆù',12345.12,1001001,null) [ RunTime:0.001000s ]
ERR: 1048:Column 'complete_time' cannot be null
 [ SQLËØ≠Âè• ] : INSERT INTO `onethink_excelimport` (`id`,`qname`,`pname`,`payment`,`order_sn`,`complete_time`) VALUES (1,'ÁîµÂïÜ_Ê∏†ÈÅìÂ∫\ó(ËÇ°‰ªΩ)','Ê∑òÂÆù',12345.12,1001001,null)
INFO: [ view_parse ] --START--
INFO: [ template_filter ] --START--
INFO: Run Behavior\ContentReplaceBehavior [ RunTime:0.000000s ]
INFO: [ template_filter ] --END-- [ RunTime:0.000000s ]
INFO: Run Behavior\ParseTemplateBehavior [ RunTime:0.024002s ]
INFO: [ view_parse ] --END-- [ RunTime:0.024002s ]
INFO: [ view_filter ] --START--
INFO: Run Behavior\WriteHtmlCacheBehavior [ RunTime:0.002000s ]
INFO: [ view_filter ] --END-- [ RunTime:0.002000s ]

[ 2015-02-12T15:48:15+08:00 ] 127.0.0.1 /execl/index.php/Home/Excel/upl.html
INFO: [ app_init ] --START--
INFO: Run Behavior\BuildLiteBehavior [ RunTime:0.000000s ]
INFO: [ app_init ] --END-- [ RunTime:0.001000s ]
INFO: [ app_begin ] --START--
INFO: Run Behavior\ReadHtmlCacheBehavior [ RunTime:0.003000s ]
INFO: [ app_begin ] --END-- [ RunTime:0.004000s ]
NOTIC: [8] Use of undefined constant IS_FILE - assumed 'IS_FILE' D:\test1\execl\Application\Home\Controller\ExcelController.class.php Á¨¨ 22 Ë°å.
NOTIC: [8192] mysql_connect(): The mysql extension is deprecated and will be removed in the future: use mysqli or PDO instead D:\test1\execl\ThinkPHP\Library\Think\Db\Driver\Mysql.class.php Á¨¨ 52 Ë°å.
SQL: SHOW COLUMNS FROM `onethink_excelimport` [ RunTime:0.014001s ]
SQL: INSERT INTO `onethink_excelimport` (`id`,`qname`,`pname`,`payment`,`order_sn`,`complete_time`) VALUES (1,'ÁîµÂïÜ_Ê∏†ÈÅìÂ∫\ó(ËÇ°‰ªΩ)','Ê∑òÂÆù',12345.12,1001001,null) [ RunTime:0.001000s ]
ERR: 1048:Column 'complete_time' cannot be null
 [ SQLËØ≠Âè• ] : INSERT INTO `onethink_excelimport` (`id`,`qname`,`pname`,`payment`,`order_sn`,`complete_time`) VALUES (1,'ÁîµÂïÜ_Ê∏†ÈÅìÂ∫\ó(ËÇ°‰ªΩ)','Ê∑òÂÆù',12345.12,1001001,null)
INFO: [ view_parse ] --START--
INFO: [ template_filter ] --START--
INFO: Run Behavior\ContentReplaceBehavior [ RunTime:0.000000s ]
INFO: [ template_filter ] --END-- [ RunTime:0.000000s ]
INFO: Run Behavior\ParseTemplateBehavior [ RunTime:0.015001s ]
INFO: [ view_parse ] --END-- [ RunTime:0.015001s ]
INFO: [ view_filter ] --START--
INFO: Run Behavior\WriteHtmlCacheBehavior [ RunTime:0.002000s ]
INFO: [ view_filter ] --END-- [ RunTime:0.002000s ]

[ 2015-02-12T15:49:18+08:00 ] 127.0.0.1 /execl/index.php/Home/Excel/upl.html
INFO: [ app_init ] --START--
INFO: Run Behavior\BuildLiteBehavior [ RunTime:0.000000s ]
INFO: [ app_init ] --END-- [ RunTime:0.001000s ]
INFO: [ app_begin ] --START--
INFO: Run Behavior\ReadHtmlCacheBehavior [ RunTime:0.003000s ]
INFO: [ app_begin ] --END-- [ RunTime:0.003000s ]
NOTIC: [8] Use of undefined constant IS_FILE - assumed 'IS_FILE' D:\test1\execl\Application\Home\Controller\ExcelController.class.php Á¨¨ 22 Ë°å.
NOTIC: [8192] mysql_connect(): The mysql extension is deprecated and will be removed in the future: use mysqli or PDO instead D:\test1\execl\ThinkPHP\Library\Think\Db\Driver\Mysql.class.php Á¨¨ 52 Ë°å.
SQL: SHOW COLUMNS FROM `onethink_excelimport` [ RunTime:0.017001s ]
SQL: INSERT INTO `onethink_excelimport` (`id`,`qname`,`pname`,`payment`,`order_sn`,`complete_time`) VALUES (1,'ÁîµÂïÜ_Ê∏†ÈÅìÂ∫\ó(ËÇ°‰ªΩ)','Ê∑òÂÆù',12345.12,1001001,null) [ RunTime:0.001000s ]
ERR: 1048:Column 'complete_time' cannot be null
 [ SQLËØ≠Âè• ] : INSERT INTO `onethink_excelimport` (`id`,`qname`,`pname`,`payment`,`order_sn`,`complete_time`) VALUES (1,'ÁîµÂïÜ_Ê∏†ÈÅìÂ∫\ó(ËÇ°‰ªΩ)','Ê∑òÂÆù',12345.12,1001001,null)

[ 2015-02-12T15:50:09+08:00 ] 127.0.0.1 /execl/index.php/Home/Excel/upl.html
INFO: [ app_init ] --START--
INFO: Run Behavior\BuildLiteBehavior [ RunTime:0.000000s ]
INFO: [ app_init ] --END-- [ RunTime:0.002000s ]
INFO: [ app_begin ] --START--
INFO: Run Behavior\ReadHtmlCacheBehavior [ RunTime:0.002000s ]
INFO: [ app_begin ] --END-- [ RunTime:0.002000s ]
NOTIC: [8] Use of undefined constant IS_FILE - assumed 'IS_FILE' D:\test1\execl\Application\Home\Controller\ExcelController.class.php Á¨¨ 22 Ë°å.
NOTIC: [8192] mysql_connect(): The mysql extension is deprecated and will be removed in the future: use mysqli or PDO instead D:\test1\execl\ThinkPHP\Library\Think\Db\Driver\Mysql.class.php Á¨¨ 52 Ë°å.
SQL: SHOW COLUMNS FROM `onethink_excelimport` [ RunTime:0.011000s ]
SQL: INSERT INTO `onethink_excelimport` (`id`,`qname`,`pname`,`payment`,`order_sn`,`complete_time`) VALUES (1,'ÁîµÂïÜ_Ê∏†ÈÅìÂ∫óËÇ°‰ª\Ω','Ê∑òÂÆù',12345.12,1001001,null) [ RunTime:0.001000s ]
ERR: 1048:Column 'complete_time' cannot be null
 [ SQLËØ≠Âè• ] : INSERT INTO `onethink_excelimport` (`id`,`qname`,`pname`,`payment`,`order_sn`,`complete_time`) VALUES (1,'ÁîµÂïÜ_Ê∏†ÈÅìÂ∫óËÇ°‰ª\Ω','Ê∑òÂÆù',12345.12,1001001,null)

[ 2015-02-12T15:50:54+08:00 ] 127.0.0.1 /execl/index.php/Home/Excel/upl.html
INFO: [ app_init ] --START--
INFO: Run Behavior\BuildLiteBehavior [ RunTime:0.000000s ]
INFO: [ app_init ] --END-- [ RunTime:0.002001s ]
INFO: [ app_begin ] --START--
INFO: Run Behavior\ReadHtmlCacheBehavior [ RunTime:0.002000s ]
INFO: [ app_begin ] --END-- [ RunTime:0.002000s ]
NOTIC: [8] Use of undefined constant IS_FILE - assumed 'IS_FILE' D:\test1\execl\Application\Home\Controller\ExcelController.class.php Á¨¨ 22 Ë°å.
NOTIC: [8192] mysql_connect(): The mysql extension is deprecated and will be removed in the future: use mysqli or PDO instead D:\test1\execl\ThinkPHP\Library\Think\Db\Driver\Mysql.class.php Á¨¨ 52 Ë°å.
SQL: SHOW COLUMNS FROM `onethink_excelimport` [ RunTime:0.017001s ]
SQL: INSERT INTO `onethink_excelimport` (`id`,`qname`,`pname`,`payment`,`order_sn`,`complete_time`) VALUES (1,'ÁîµÂïÜ_Ê∏†ÈÅìÂ∫óËÇ°‰ª\Ω','Ê∑òÂÆù',12345.12,1001001,2015) [ RunTime:0.001000s ]

[ 2015-02-12T15:51:45+08:00 ] 127.0.0.1 /execl/index.php/Home/Excel/upl.html
INFO: [ app_init ] --START--
INFO: Run Behavior\BuildLiteBehavior [ RunTime:0.000000s ]
INFO: [ app_init ] --END-- [ RunTime:0.002000s ]
INFO: [ app_begin ] --START--
INFO: Run Behavior\ReadHtmlCacheBehavior [ RunTime:0.002000s ]
INFO: [ app_begin ] --END-- [ RunTime:0.002000s ]
NOTIC: [8] Use of undefined constant IS_FILE - assumed 'IS_FILE' D:\test1\execl\Application\Home\Controller\ExcelController.class.php Á¨¨ 22 Ë°å.
NOTIC: [8192] mysql_connect(): The mysql extension is deprecated and will be removed in the future: use mysqli or PDO instead D:\test1\execl\ThinkPHP\Library\Think\Db\Driver\Mysql.class.php Á¨¨ 52 Ë°å.
SQL: SHOW COLUMNS FROM `onethink_excelimport` [ RunTime:0.021001s ]
SQL: INSERT INTO `onethink_excelimport` (`id`,`qname`,`pname`,`payment`,`order_sn`,`complete_time`) VALUES (1,'ÁîµÂïÜ_Ê∏†ÈÅìÂ∫óÔºàËÇ°‰ªΩÔº\â','Ê∑òÂÆù',12345.12,1001001,2015) [ RunTime:0.001000s ]
ERR: 1062:Duplicate entry '1' for key 'PRIMARY'
 [ SQLËØ≠Âè• ] : INSERT INTO `onethink_excelimport` (`id`,`qname`,`pname`,`payment`,`order_sn`,`complete_time`) VALUES (1,'ÁîµÂïÜ_Ê∏†ÈÅìÂ∫óÔºàËÇ°‰ªΩÔº\â','Ê∑òÂÆù',12345.12,1001001,2015)

[ 2015-02-12T15:52:21+08:00 ] 127.0.0.1 /execl/index.php/Home/Excel/upl.html
INFO: [ app_init ] --START--
INFO: Run Behavior\BuildLiteBehavior [ RunTime:0.000000s ]
INFO: [ app_init ] --END-- [ RunTime:0.001000s ]
INFO: [ app_begin ] --START--
INFO: Run Behavior\ReadHtmlCacheBehavior [ RunTime:0.002001s ]
INFO: [ app_begin ] --END-- [ RunTime:0.002001s ]
NOTIC: [8] Use of undefined constant IS_FILE - assumed 'IS_FILE' D:\test1\execl\Application\Home\Controller\ExcelController.class.php Á¨¨ 22 Ë°å.
NOTIC: [8192] mysql_connect(): The mysql extension is deprecated and will be removed in the future: use mysqli or PDO instead D:\test1\execl\ThinkPHP\Library\Think\Db\Driver\Mysql.class.php Á¨¨ 52 Ë°å.
SQL: SHOW COLUMNS FROM `onethink_excelimport` [ RunTime:0.014001s ]
SQL: INSERT INTO `onethink_excelimport` (`id`,`qname`,`pname`,`payment`,`order_sn`,`complete_time`) VALUES (2,'ÁîµÂïÜ_Ê∏†ÈÅìÂ∫óÔºàËÇ°‰ªΩÔº\â','Ê∑òÂÆù',12345.12,1001001,2015) [ RunTime:0.001000s ]

[ 2015-02-12T16:01:23+08:00 ] 127.0.0.1 /execl/index.php/Home/Excel/upl.html
INFO: [ app_init ] --START--
INFO: Run Behavior\BuildLiteBehavior [ RunTime:0.000000s ]
INFO: [ app_init ] --END-- [ RunTime:0.002000s ]
INFO: [ app_begin ] --START--
INFO: Run Behavior\ReadHtmlCacheBehavior [ RunTime:0.001000s ]
INFO: [ app_begin ] --END-- [ RunTime:0.002000s ]
NOTIC: [8] Use of undefined constant IS_FILE - assumed 'IS_FILE' D:\test1\execl\Application\Home\Controller\ExcelController.class.php Á¨¨ 22 Ë°å.
NOTIC: [8192] mysql_connect(): The mysql extension is deprecated and will be removed in the future: use mysqli or PDO instead D:\test1\execl\ThinkPHP\Library\Think\Db\Driver\Mysql.class.php Á¨¨ 52 Ë°å.
SQL: SHOW COLUMNS FROM `onethink_excelimport` [ RunTime:0.010000s ]
ERR: 1146:Table 'onethink.onethink_excelimport' doesn't exist
 [ SQLËØ≠Âè• ] : SHOW COLUMNS FROM `onethink_excelimport`
NOTIC: [2] array_combine() expects parameter 1 to be array, boolean given D:\test1\execl\Application\Home\Common\function.php Á¨¨ 44 Ë°å.

[ 2015-02-12T16:01:54+08:00 ] 127.0.0.1 /execl/index.php/Home/Excel/upl.html
INFO: [ app_init ] --START--
INFO: Run Behavior\BuildLiteBehavior [ RunTime:0.000000s ]
INFO: [ app_init ] --END-- [ RunTime:0.004001s ]
INFO: [ app_begin ] --START--
INFO: Run Behavior\ReadHtmlCacheBehavior [ RunTime:0.002000s ]
INFO: [ app_begin ] --END-- [ RunTime:0.002000s ]
NOTIC: [8] Use of undefined constant IS_FILE - assumed 'IS_FILE' D:\test1\execl\Application\Home\Controller\ExcelController.class.php Á¨¨ 22 Ë°å.
NOTIC: [8192] mysql_connect(): The mysql extension is deprecated and will be removed in the future: use mysqli or PDO instead D:\test1\execl\ThinkPHP\Library\Think\Db\Driver\Mysql.class.php Á¨¨ 52 Ë°å.
SQL: SHOW COLUMNS FROM `onethink_excelimport` [ RunTime:0.012001s ]
ERR: 1146:Table 'onethink.onethink_excelimport' doesn't exist
 [ SQLËØ≠Âè• ] : SHOW COLUMNS FROM `onethink_excelimport`
NOTIC: [2] array_combine() expects parameter 1 to be array, boolean given D:\test1\execl\Application\Home\Common\function.php Á¨¨ 44 Ë°å.

[ 2015-02-12T16:02:11+08:00 ] 127.0.0.1 /execl/index.php/Home/Excel/upl.html
INFO: [ app_init ] --START--
INFO: Run Behavior\BuildLiteBehavior [ RunTime:0.000000s ]
INFO: [ app_init ] --END-- [ RunTime:0.001000s ]
INFO: [ app_begin ] --START--
INFO: Run Behavior\ReadHtmlCacheBehavior [ RunTime:0.001000s ]
INFO: [ app_begin ] --END-- [ RunTime:0.001000s ]
NOTIC: [8] Use of undefined constant IS_FILE - assumed 'IS_FILE' D:\test1\execl\Application\Home\Controller\ExcelController.class.php Á¨¨ 22 Ë°å.
NOTIC: [8192] mysql_connect(): The mysql extension is deprecated and will be removed in the future: use mysqli or PDO instead D:\test1\execl\ThinkPHP\Library\Think\Db\Driver\Mysql.class.php Á¨¨ 52 Ë°å.
SQL: SHOW COLUMNS FROM `onethink_excelimport` [ RunTime:0.012001s ]
ERR: 1146:Table 'onethink.onethink_excelimport' doesn't exist
 [ SQLËØ≠Âè• ] : SHOW COLUMNS FROM `onethink_excelimport`
NOTIC: [2] array_combine() expects parameter 1 to be array, boolean given D:\test1\execl\Application\Home\Common\function.php Á¨¨ 44 Ë°å.

[ 2015-02-12T16:02:18+08:00 ] 127.0.0.1 /execl/index.php/Home/Excel/upl.html
INFO: [ app_init ] --START--
INFO: Run Behavior\BuildLiteBehavior [ RunTime:0.000000s ]
INFO: [ app_init ] --END-- [ RunTime:0.002000s ]
INFO: [ app_begin ] --START--
INFO: Run Behavior\ReadHtmlCacheBehavior [ RunTime:0.001000s ]
INFO: [ app_begin ] --END-- [ RunTime:0.002000s ]
NOTIC: [8] Use of undefined constant IS_FILE - assumed 'IS_FILE' D:\test1\execl\Application\Home\Controller\ExcelController.class.php Á¨¨ 22 Ë°å.
NOTIC: [8192] mysql_connect(): The mysql extension is deprecated and will be removed in the future: use mysqli or PDO instead D:\test1\execl\ThinkPHP\Library\Think\Db\Driver\Mysql.class.php Á¨¨ 52 Ë°å.
SQL: SHOW COLUMNS FROM `onethink_excelimport` [ RunTime:0.013001s ]
ERR: 1146:Table 'onethink.onethink_excelimport' doesn't exist
 [ SQLËØ≠Âè• ] : SHOW COLUMNS FROM `onethink_excelimport`
NOTIC: [2] array_combine() expects parameter 1 to be array, boolean given D:\test1\execl\Application\Home\Common\function.php Á¨¨ 44 Ë°å.

[ 2015-02-12T16:19:22+08:00 ] 127.0.0.1 /execl/index.php/Home/Excel/upl.html
INFO: [ app_init ] --START--
INFO: Run Behavior\BuildLiteBehavior [ RunTime:0.000000s ]
INFO: [ app_init ] --END-- [ RunTime:0.002000s ]
INFO: [ app_begin ] --START--
INFO: Run Behavior\ReadHtmlCacheBehavior [ RunTime:0.002000s ]
INFO: [ app_begin ] --END-- [ RunTime:0.002000s ]
NOTIC: [8] Use of undefined constant IS_FILE - assumed 'IS_FILE' D:\test1\execl\Application\Home\Controller\ExcelController.class.php Á¨¨ 22 Ë°å.
NOTIC: [8192] mysql_connect(): The mysql extension is deprecated and will be removed in the future: use mysqli or PDO instead D:\test1\execl\ThinkPHP\Library\Think\Db\Driver\Mysql.class.php Á¨¨ 52 Ë°å.
SQL: SHOW COLUMNS FROM `onethink_excelimport` [ RunTime:0.013001s ]
ERR: 1146:Table 'onethink.onethink_excelimport' doesn't exist
 [ SQLËØ≠Âè• ] : SHOW COLUMNS FROM `onethink_excelimport`
NOTIC: [2] array_combine() expects parameter 1 to be array, boolean given D:\test1\execl\Application\Home\Common\function.php Á¨¨ 44 Ë°å.

[ 2015-02-12T16:19:54+08:00 ] 127.0.0.1 /execl/index.php/Home/Excel/upl.html
INFO: [ app_init ] --START--
INFO: Run Behavior\BuildLiteBehavior [ RunTime:0.001000s ]
INFO: [ app_init ] --END-- [ RunTime:0.002000s ]
INFO: [ app_begin ] --START--
INFO: Run Behavior\ReadHtmlCacheBehavior [ RunTime:0.002000s ]
INFO: [ app_begin ] --END-- [ RunTime:0.002000s ]
NOTIC: [8] Use of undefined constant IS_FILE - assumed 'IS_FILE' D:\test1\execl\Application\Home\Controller\ExcelController.class.php Á¨¨ 22 Ë°å.
NOTIC: [8192] mysql_connect(): The mysql extension is deprecated and will be removed in the future: use mysqli or PDO instead D:\test1\execl\ThinkPHP\Library\Think\Db\Driver\Mysql.class.php Á¨¨ 52 Ë°å.
SQL: SHOW COLUMNS FROM `onethink_excelimport` [ RunTime:0.013000s ]
ERR: 1146:Table 'onethink.onethink_excelimport' doesn't exist
 [ SQLËØ≠Âè• ] : SHOW COLUMNS FROM `onethink_excelimport`
NOTIC: [2] array_combine() expects parameter 1 to be array, boolean given D:\test1\execl\Application\Home\Common\function.php Á¨¨ 44 Ë°å.

[ 2015-02-12T16:20:42+08:00 ] 127.0.0.1 /execl/index.php/Home/Excel/upl.html
INFO: [ app_init ] --START--
INFO: Run Behavior\BuildLiteBehavior [ RunTime:0.000000s ]
INFO: [ app_init ] --END-- [ RunTime:0.001000s ]
INFO: [ app_begin ] --START--
INFO: Run Behavior\ReadHtmlCacheBehavior [ RunTime:0.005000s ]
INFO: [ app_begin ] --END-- [ RunTime:0.005000s ]
NOTIC: [8] Use of undefined constant IS_FILE - assumed 'IS_FILE' D:\test1\execl\Application\Home\Controller\ExcelController.class.php Á¨¨ 22 Ë°å.
NOTIC: [8192] mysql_connect(): The mysql extension is deprecated and will be removed in the future: use mysqli or PDO instead D:\test1\execl\ThinkPHP\Library\Think\Db\Driver\Mysql.class.php Á¨¨ 52 Ë°å.
SQL: SHOW COLUMNS FROM `onethink_excelimport` [ RunTime:0.013000s ]
ERR: 1146:Table 'onethink.onethink_excelimport' doesn't exist
 [ SQLËØ≠Âè• ] : SHOW COLUMNS FROM `onethink_excelimport`
NOTIC: [2] array_combine() expects parameter 1 to be array, boolean given D:\test1\execl\Application\Home\Common\function.php Á¨¨ 44 Ë°å.

[ 2015-02-12T16:21:07+08:00 ] 127.0.0.1 /execl/index.php/Home/Excel/upl.html
INFO: [ app_init ] --START--
INFO: Run Behavior\BuildLiteBehavior [ RunTime:0.000000s ]
INFO: [ app_init ] --END-- [ RunTime:0.002000s ]
INFO: [ app_begin ] --START--
INFO: Run Behavior\ReadHtmlCacheBehavior [ RunTime:0.002000s ]
INFO: [ app_begin ] --END-- [ RunTime:0.005000s ]
NOTIC: [8] Use of undefined constant IS_FILE - assumed 'IS_FILE' D:\test1\execl\Application\Home\Controller\ExcelController.class.php Á¨¨ 22 Ë°å.
NOTIC: [8192] mysql_connect(): The mysql extension is deprecated and will be removed in the future: use mysqli or PDO instead D:\test1\execl\ThinkPHP\Library\Think\Db\Driver\Mysql.class.php Á¨¨ 52 Ë°å.
SQL: SHOW COLUMNS FROM `onethink_excelimport` [ RunTime:0.015001s ]
ERR: 1146:Table 'onethink.onethink_excelimport' doesn't exist
 [ SQLËØ≠Âè• ] : SHOW COLUMNS FROM `onethink_excelimport`
NOTIC: [2] array_combine() expects parameter 1 to be array, boolean given D:\test1\execl\Application\Home\Common\function.php Á¨¨ 44 Ë°å.

[ 2015-02-12T16:21:11+08:00 ] 127.0.0.1 /execl/index.php/home/excel/index
INFO: [ app_init ] --START--
INFO: Run Behavior\BuildLiteBehavior [ RunTime:0.000000s ]
INFO: [ app_init ] --END-- [ RunTime:0.001000s ]
INFO: [ app_begin ] --START--
INFO: Run Behavior\ReadHtmlCacheBehavior [ RunTime:0.001000s ]
INFO: [ app_begin ] --END-- [ RunTime:0.002000s ]
INFO: [ view_parse ] --START--
INFO: [ template_filter ] --START--
INFO: Run Behavior\ContentReplaceBehavior [ RunTime:0.000000s ]
INFO: [ template_filter ] --END-- [ RunTime:0.000000s ]
INFO: Run Behavior\ParseTemplateBehavior [ RunTime:0.093005s ]
INFO: [ view_parse ] --END-- [ RunTime:0.094005s ]
INFO: [ view_filter ] --START--
INFO: Run Behavior\WriteHtmlCacheBehavior [ RunTime:0.005000s ]
INFO: [ view_filter ] --END-- [ RunTime:0.005000s ]
INFO: [ app_end ] --START--
INFO: Run Behavior\ShowPageTraceBehavior [ RunTime:0.002000s ]
INFO: [ app_end ] --END-- [ RunTime:0.002000s ]

[ 2015-02-12T16:21:19+08:00 ] 127.0.0.1 /execl/index.php/Home/Excel/upl.html
INFO: [ app_init ] --START--
INFO: Run Behavior\BuildLiteBehavior [ RunTime:0.000000s ]
INFO: [ app_init ] --END-- [ RunTime:0.001000s ]
INFO: [ app_begin ] --START--
INFO: Run Behavior\ReadHtmlCacheBehavior [ RunTime:0.001000s ]
INFO: [ app_begin ] --END-- [ RunTime:0.001000s ]
NOTIC: [8] Use of undefined constant IS_FILE - assumed 'IS_FILE' D:\test1\execl\Application\Home\Controller\ExcelController.class.php Á¨¨ 22 Ë°å.
NOTIC: [8192] mysql_connect(): The mysql extension is deprecated and will be removed in the future: use mysqli or PDO instead D:\test1\execl\ThinkPHP\Library\Think\Db\Driver\Mysql.class.php Á¨¨ 52 Ë°å.
SQL: SHOW COLUMNS FROM `onethink_excelimport` [ RunTime:0.015000s ]
ERR: 1146:Table 'onethink.onethink_excelimport' doesn't exist
 [ SQLËØ≠Âè• ] : SHOW COLUMNS FROM `onethink_excelimport`
NOTIC: [2] array_combine() expects parameter 1 to be array, boolean given D:\test1\execl\Application\Home\Common\function.php Á¨¨ 44 Ë°å.

[ 2015-02-12T16:26:21+08:00 ] 127.0.0.1 /execl/index.php/home/excel/index
INFO: [ app_init ] --START--
INFO: Run Behavior\BuildLiteBehavior [ RunTime:0.000000s ]
INFO: [ app_init ] --END-- [ RunTime:0.002001s ]
INFO: [ app_begin ] --START--
INFO: Run Behavior\ReadHtmlCacheBehavior [ RunTime:0.002000s ]
INFO: [ app_begin ] --END-- [ RunTime:0.002000s ]
INFO: [ view_parse ] --START--
INFO: [ template_filter ] --START--
INFO: Run Behavior\ContentReplaceBehavior [ RunTime:0.000000s ]
INFO: [ template_filter ] --END-- [ RunTime:0.000000s ]
INFO: Run Behavior\ParseTemplateBehavior [ RunTime:0.049002s ]
INFO: [ view_parse ] --END-- [ RunTime:0.049002s ]
INFO: [ view_filter ] --START--
INFO: Run Behavior\WriteHtmlCacheBehavior [ RunTime:0.002000s ]
INFO: [ view_filter ] --END-- [ RunTime:0.002000s ]
INFO: [ app_end ] --START--
INFO: Run Behavior\ShowPageTraceBehavior [ RunTime:0.002001s ]
INFO: [ app_end ] --END-- [ RunTime:0.002001s ]

[ 2015-02-12T16:26:26+08:00 ] 127.0.0.1 /execl/index.php/Home/Excel/upl.html
INFO: [ app_init ] --START--
INFO: Run Behavior\BuildLiteBehavior [ RunTime:0.000000s ]
INFO: [ app_init ] --END-- [ RunTime:0.001000s ]
INFO: [ app_begin ] --START--
INFO: Run Behavior\ReadHtmlCacheBehavior [ RunTime:0.002000s ]
INFO: [ app_begin ] --END-- [ RunTime:0.002000s ]
NOTIC: [8] Use of undefined constant IS_FILE - assumed 'IS_FILE' D:\test1\execl\Application\Home\Controller\ExcelController.class.php Á¨¨ 22 Ë°å.
NOTIC: [8192] mysql_connect(): The mysql extension is deprecated and will be removed in the future: use mysqli or PDO instead D:\test1\execl\ThinkPHP\Library\Think\Db\Driver\Mysql.class.php Á¨¨ 52 Ë°å.
SQL: SHOW COLUMNS FROM `onethink_excelimport` [ RunTime:0.019001s ]

[ 2015-02-12T16:27:45+08:00 ] 127.0.0.1 /execl/index.php/Home/Excel/upl.html
INFO: [ app_init ] --START--
INFO: Run Behavior\BuildLiteBehavior [ RunTime:0.000000s ]
INFO: [ app_init ] --END-- [ RunTime:0.001000s ]
INFO: [ app_begin ] --START--
INFO: Run Behavior\ReadHtmlCacheBehavior [ RunTime:0.002000s ]
INFO: [ app_begin ] --END-- [ RunTime:0.002000s ]
NOTIC: [8] Use of undefined constant IS_FILE - assumed 'IS_FILE' D:\test1\execl\Application\Home\Controller\ExcelController.class.php Á¨¨ 22 Ë°å.
NOTIC: [8192] mysql_connect(): The mysql extension is deprecated and will be removed in the future: use mysqli or PDO instead D:\test1\execl\ThinkPHP\Library\Think\Db\Driver\Mysql.class.php Á¨¨ 52 Ë°å.
SQL: SHOW COLUMNS FROM `onethink_excelimport` [ RunTime:0.015000s ]

[ 2015-02-12T16:28:09+08:00 ] 127.0.0.1 /execl/index.php/Home/Excel/upl.html
INFO: [ app_init ] --START--
INFO: Run Behavior\BuildLiteBehavior [ RunTime:0.000000s ]
INFO: [ app_init ] --END-- [ RunTime:0.002000s ]
INFO: [ app_begin ] --START--
INFO: Run Behavior\ReadHtmlCacheBehavior [ RunTime:0.002001s ]
INFO: [ app_begin ] --END-- [ RunTime:0.003001s ]
NOTIC: [8] Use of undefined constant IS_FILE - assumed 'IS_FILE' D:\test1\execl\Application\Home\Controller\ExcelController.class.php Á¨¨ 22 Ë°å.
NOTIC: [8192] mysql_connect(): The mysql extension is deprecated and will be removed in the future: use mysqli or PDO instead D:\test1\execl\ThinkPHP\Library\Think\Db\Driver\Mysql.class.php Á¨¨ 52 Ë°å.
SQL: SHOW COLUMNS FROM `onethink_excelimport` [ RunTime:0.012001s ]
SQL: INSERT INTO `onethink_excelimport` (`id`,`qname`,`pname`,`payment`,`order_sn`,`complete_time`) VALUES (3,'ÁîµÂïÜ_Ê∏†ÈÅìÂ∫óÔºàËÇ°‰ªΩÔº\â','Ê∑òÂÆù',12345.12,1001001,1424102400) [ RunTime:0.001000s ]
INFO: [ view_parse ] --START--
INFO: [ template_filter ] --START--
INFO: Run Behavior\ContentReplaceBehavior [ RunTime:0.001000s ]
INFO: [ template_filter ] --END-- [ RunTime:0.001000s ]
INFO: Run Behavior\ParseTemplateBehavior [ RunTime:0.023001s ]
INFO: [ view_parse ] --END-- [ RunTime:0.023001s ]
INFO: [ view_filter ] --START--
INFO: Run Behavior\WriteHtmlCacheBehavior [ RunTime:0.002000s ]
INFO: [ view_filter ] --END-- [ RunTime:0.002000s ]

[ 2015-02-12T16:34:45+08:00 ] 127.0.0.1 /execl/
INFO: [ app_init ] --START--
INFO: Run Behavior\BuildLiteBehavior [ RunTime:0.000000s ]
INFO: [ app_init ] --END-- [ RunTime:0.002000s ]
INFO: [ app_begin ] --START--
INFO: Run Behavior\ReadHtmlCacheBehavior [ RunTime:0.003000s ]
INFO: [ app_begin ] --END-- [ RunTime:0.004000s ]
NOTIC: [8192] mysql_connect(): The mysql extension is deprecated and will be removed in the future: use mysqli or PDO instead D:\test1\execl\ThinkPHP\Library\Think\Db\Driver\Mysql.class.php Á¨¨ 52 Ë°å.
SQL: SHOW COLUMNS FROM `onethink_card` [ RunTime:0.017001s ]
ERR: 1146:Table 'onethink.onethink_card' doesn't exist
 [ SQLËØ≠Âè• ] : SHOW COLUMNS FROM `onethink_card`
SQL: SELECT `CardNo` FROM `onethink_card`  [ RunTime:0.001000s ]
ERR: 1146:Table 'onethink.onethink_card' doesn't exist
 [ SQLËØ≠Âè• ] : SELECT `CardNo` FROM `onethink_card` 

[ 2015-02-12T16:34:50+08:00 ] 127.0.0.1 /execl/index.php/home/excel/index
INFO: [ app_init ] --START--
INFO: Run Behavior\BuildLiteBehavior [ RunTime:0.000000s ]
INFO: [ app_init ] --END-- [ RunTime:0.001000s ]
INFO: [ app_begin ] --START--
INFO: Run Behavior\ReadHtmlCacheBehavior [ RunTime:0.002000s ]
INFO: [ app_begin ] --END-- [ RunTime:0.002000s ]
INFO: [ view_parse ] --START--
INFO: [ template_filter ] --START--
INFO: Run Behavior\ContentReplaceBehavior [ RunTime:0.000000s ]
INFO: [ template_filter ] --END-- [ RunTime:0.000000s ]
INFO: Run Behavior\ParseTemplateBehavior [ RunTime:0.073004s ]
INFO: [ view_parse ] --END-- [ RunTime:0.073004s ]
INFO: [ view_filter ] --START--
INFO: Run Behavior\WriteHtmlCacheBehavior [ RunTime:0.001000s ]
INFO: [ view_filter ] --END-- [ RunTime:0.001000s ]
INFO: [ app_end ] --START--
INFO: Run Behavior\ShowPageTraceBehavior [ RunTime:0.001000s ]
INFO: [ app_end ] --END-- [ RunTime:0.002000s ]

[ 2015-02-12T16:34:59+08:00 ] 127.0.0.1 /execl/index.php/Home/Excel/upl.html
INFO: [ app_init ] --START--
INFO: Run Behavior\BuildLiteBehavior [ RunTime:0.000000s ]
INFO: [ app_init ] --END-- [ RunTime:0.002000s ]
INFO: [ app_begin ] --START--
INFO: Run Behavior\ReadHtmlCacheBehavior [ RunTime:0.002000s ]
INFO: [ app_begin ] --END-- [ RunTime:0.002000s ]
NOTIC: [8] Use of undefined constant IS_FILE - assumed 'IS_FILE' D:\test1\execl\Application\Home\Controller\ExcelController.class.php Á¨¨ 22 Ë°å.
NOTIC: [8192] mysql_connect(): The mysql extension is deprecated and will be removed in the future: use mysqli or PDO instead D:\test1\execl\ThinkPHP\Library\Think\Db\Driver\Mysql.class.php Á¨¨ 52 Ë°å.
SQL: SHOW COLUMNS FROM `onethink_excelimport` [ RunTime:0.020001s ]
SQL: INSERT INTO `onethink_excelimport` (`id`,`qname`,`pname`,`payment`,`order_sn`,`complete_time`) VALUES (4,'ÁîµÂïÜ_Ê∏†ÈÅìÂ∫óÔºàËÇ°‰ªΩÔº\â','Ê∑òÂÆù',12345.12,1001001,1424102400) [ RunTime:0.001000s ]
SQL: INSERT INTO `onethink_excelimport` (`id`,`qname`,`pname`,`payment`,`order_sn`,`complete_time`) VALUES (6,'ÁîµÂïÜ','ÊîØ‰ªòÂÆ\ù',1243.12,1000322,1424248440) [ RunTime:0.001000s ]
INFO: [ view_parse ] --START--
INFO: [ template_filter ] --START--
INFO: Run Behavior\ContentReplaceBehavior [ RunTime:0.000000s ]
INFO: [ template_filter ] --END-- [ RunTime:0.001000s ]
INFO: Run Behavior\ParseTemplateBehavior [ RunTime:0.032002s ]
INFO: [ view_parse ] --END-- [ RunTime:0.032002s ]
INFO: [ view_filter ] --START--
INFO: Run Behavior\WriteHtmlCacheBehavior [ RunTime:0.004001s ]
INFO: [ view_filter ] --END-- [ RunTime:0.004001s ]

[ 2015-02-12T16:47:55+08:00 ] 127.0.0.1 /execl/index.php/Home/Excel/upl.html
INFO: [ app_init ] --START--
INFO: Run Behavior\BuildLiteBehavior [ RunTime:0.000000s ]
INFO: [ app_init ] --END-- [ RunTime:0.001000s ]
INFO: [ app_begin ] --START--
INFO: Run Behavior\ReadHtmlCacheBehavior [ RunTime:0.002000s ]
INFO: [ app_begin ] --END-- [ RunTime:0.002000s ]
NOTIC: [8] Use of undefined constant IS_FILE - assumed 'IS_FILE' D:\test1\execl\Application\Home\Controller\ExcelController.class.php Á¨¨ 22 Ë°å.
NOTIC: [8192] mysql_connect(): The mysql extension is deprecated and will be removed in the future: use mysqli or PDO instead D:\test1\execl\ThinkPHP\Library\Think\Db\Driver\Mysql.class.php Á¨¨ 52 Ë°å.
SQL: SHOW COLUMNS FROM `onethink_excelimport` [ RunTime:0.020001s ]
SQL: INSERT INTO `onethink_excelimport` (`id`,`qname`,`pname`,`payment`,`order_sn`,`complete_time`) VALUES (7,'ÁîµÂïÜ_Ê∏†ÈÅìÂ∫óÔºàËÇ°‰ªΩÔº\â','Ê∑òÂÆù',12345.12,1001001,1424102400) [ RunTime:0.001000s ]
SQL: INSERT INTO `onethink_excelimport` (`id`,`qname`,`pname`,`payment`,`order_sn`,`complete_time`) VALUES (8,'ÁîµÂïÜ','ÊîØ‰ªòÂÆ\ù',1243.12,1000322,1424248440) [ RunTime:0.001000s ]
INFO: [ view_parse ] --START--
INFO: [ template_filter ] --START--
INFO: Run Behavior\ContentReplaceBehavior [ RunTime:0.000000s ]
INFO: [ template_filter ] --END-- [ RunTime:0.001000s ]
INFO: Run Behavior\ParseTemplateBehavior [ RunTime:0.059004s ]
INFO: [ view_parse ] --END-- [ RunTime:0.059004s ]
INFO: [ view_filter ] --START--
INFO: Run Behavior\WriteHtmlCacheBehavior [ RunTime:0.002000s ]
INFO: [ view_filter ] --END-- [ RunTime:0.002000s ]

[ 2015-02-12T16:57:00+08:00 ] 127.0.0.1 /execl/
INFO: [ app_init ] --START--
INFO: Run Behavior\BuildLiteBehavior [ RunTime:0.000000s ]
INFO: [ app_init ] --END-- [ RunTime:0.001000s ]
INFO: [ app_begin ] --START--
INFO: Run Behavior\ReadHtmlCacheBehavior [ RunTime:0.003000s ]
INFO: [ app_begin ] --END-- [ RunTime:0.003000s ]
NOTIC: [8192] mysql_connect(): The mysql extension is deprecated and will be removed in the future: use mysqli or PDO instead D:\test1\execl\ThinkPHP\Library\Think\Db\Driver\Mysql.class.php Á¨¨ 52 Ë°å.
SQL: SHOW COLUMNS FROM `onethink_card` [ RunTime:0.013001s ]
ERR: 1146:Table 'onethink.onethink_card' doesn't exist
 [ SQLËØ≠Âè• ] : SHOW COLUMNS FROM `onethink_card`
SQL: SELECT `CardNo` FROM `onethink_card`  [ RunTime:0.002000s ]
ERR: 1146:Table 'onethink.onethink_card' doesn't exist
 [ SQLËØ≠Âè• ] : SELECT `CardNo` FROM `onethink_card` 

[ 2015-02-12T16:57:06+08:00 ] 127.0.0.1 /execl/index.php/home/excel/index
INFO: [ app_init ] --START--
INFO: Run Behavior\BuildLiteBehavior [ RunTime:0.000000s ]
INFO: [ app_init ] --END-- [ RunTime:0.001000s ]
INFO: [ app_begin ] --START--
INFO: Run Behavior\ReadHtmlCacheBehavior [ RunTime:0.001001s ]
INFO: [ app_begin ] --END-- [ RunTime:0.001001s ]
INFO: [ view_parse ] --START--
INFO: [ template_filter ] --START--
INFO: Run Behavior\ContentReplaceBehavior [ RunTime:0.001000s ]
INFO: [ template_filter ] --END-- [ RunTime:0.001000s ]
INFO: Run Behavior\ParseTemplateBehavior [ RunTime:0.065004s ]
INFO: [ view_parse ] --END-- [ RunTime:0.065004s ]
INFO: [ view_filter ] --START--
INFO: Run Behavior\WriteHtmlCacheBehavior [ RunTime:0.001000s ]
INFO: [ view_filter ] --END-- [ RunTime:0.001000s ]
INFO: [ app_end ] --START--
INFO: Run Behavior\ShowPageTraceBehavior [ RunTime:0.002000s ]
INFO: [ app_end ] --END-- [ RunTime:0.002000s ]

[ 2015-02-12T16:57:11+08:00 ] 127.0.0.1 /execl/index.php/Home/Excel/upl.html
INFO: [ app_init ] --START--
INFO: Run Behavior\BuildLiteBehavior [ RunTime:0.000000s ]
INFO: [ app_init ] --END-- [ RunTime:0.003000s ]
INFO: [ app_begin ] --START--
INFO: Run Behavior\ReadHtmlCacheBehavior [ RunTime:0.003000s ]
INFO: [ app_begin ] --END-- [ RunTime:0.003000s ]
NOTIC: [8] Use of undefined constant IS_FILE - assumed 'IS_FILE' D:\test1\execl\Application\Home\Controller\ExcelController.class.php Á¨¨ 22 Ë°å.
NOTIC: [8192] mysql_connect(): The mysql extension is deprecated and will be removed in the future: use mysqli or PDO instead D:\test1\execl\ThinkPHP\Library\Think\Db\Driver\Mysql.class.php Á¨¨ 52 Ë°å.
SQL: SHOW COLUMNS FROM `onethink_excelimport` [ RunTime:0.016001s ]
SQL: show table status where name=excelimport [ RunTime:0.001000s ]
ERR: 1054:Unknown column 'excelimport' in 'where clause'
 [ SQLËØ≠Âè• ] : show table status where name=excelimport

[ 2015-02-12T17:00:52+08:00 ] 127.0.0.1 /execl/index.php/Home/Excel/upl.html
INFO: [ app_init ] --START--
INFO: Run Behavior\BuildLiteBehavior [ RunTime:0.000000s ]
INFO: [ app_init ] --END-- [ RunTime:0.001000s ]
INFO: [ app_begin ] --START--
INFO: Run Behavior\ReadHtmlCacheBehavior [ RunTime:0.003000s ]
INFO: [ app_begin ] --END-- [ RunTime:0.003000s ]
NOTIC: [8] Use of undefined constant IS_FILE - assumed 'IS_FILE' D:\test1\execl\Application\Home\Controller\ExcelController.class.php Á¨¨ 22 Ë°å.
NOTIC: [8192] mysql_connect(): The mysql extension is deprecated and will be removed in the future: use mysqli or PDO instead D:\test1\execl\ThinkPHP\Library\Think\Db\Driver\Mysql.class.php Á¨¨ 52 Ë°å.
SQL: SHOW COLUMNS FROM `onethink_excelimport` [ RunTime:0.015001s ]
SQL: show full fields from excelimport [ RunTime:0.011000s ]
ERR: 1146:Table 'onethink.excelimport' doesn't exist
 [ SQLËØ≠Âè• ] : show full fields from excelimport

[ 2015-02-12T17:00:58+08:00 ] 127.0.0.1 /execl/index.php/home/excel/index
INFO: [ app_init ] --START--
INFO: Run Behavior\BuildLiteBehavior [ RunTime:0.000000s ]
INFO: [ app_init ] --END-- [ RunTime:0.002000s ]
INFO: [ app_begin ] --START--
INFO: Run Behavior\ReadHtmlCacheBehavior [ RunTime:0.002000s ]
INFO: [ app_begin ] --END-- [ RunTime:0.002000s ]
INFO: [ view_parse ] --START--
INFO: [ template_filter ] --START--
INFO: Run Behavior\ContentReplaceBehavior [ RunTime:0.000000s ]
INFO: [ template_filter ] --END-- [ RunTime:0.000000s ]
INFO: Run Behavior\ParseTemplateBehavior [ RunTime:0.027002s ]
INFO: [ view_parse ] --END-- [ RunTime:0.027002s ]
INFO: [ view_filter ] --START--
INFO: Run Behavior\WriteHtmlCacheBehavior [ RunTime:0.001000s ]
INFO: [ view_filter ] --END-- [ RunTime:0.001000s ]
INFO: [ app_end ] --START--
INFO: Run Behavior\ShowPageTraceBehavior [ RunTime:0.002000s ]
INFO: [ app_end ] --END-- [ RunTime:0.002000s ]

[ 2015-02-12T17:01:03+08:00 ] 127.0.0.1 /execl/index.php/Home/Excel/upl.html
INFO: [ app_init ] --START--
INFO: Run Behavior\BuildLiteBehavior [ RunTime:0.000000s ]
INFO: [ app_init ] --END-- [ RunTime:0.002000s ]
INFO: [ app_begin ] --START--
INFO: Run Behavior\ReadHtmlCacheBehavior [ RunTime:0.003001s ]
INFO: [ app_begin ] --END-- [ RunTime:0.003001s ]
NOTIC: [8] Use of undefined constant IS_FILE - assumed 'IS_FILE' D:\test1\execl\Application\Home\Controller\ExcelController.class.php Á¨¨ 22 Ë°å.
NOTIC: [8192] mysql_connect(): The mysql extension is deprecated and will be removed in the future: use mysqli or PDO instead D:\test1\execl\ThinkPHP\Library\Think\Db\Driver\Mysql.class.php Á¨¨ 52 Ë°å.
SQL: SHOW COLUMNS FROM `onethink_excelimport` [ RunTime:0.017001s ]
SQL: show full fields from excelimport [ RunTime:0.022001s ]
ERR: 1146:Table 'onethink.excelimport' doesn't exist
 [ SQLËØ≠Âè• ] : show full fields from excelimport

[ 2015-02-12T17:03:47+08:00 ] 127.0.0.1 /execl/index.php/Home/Excel/upl.html
INFO: [ app_init ] --START--
INFO: Run Behavior\BuildLiteBehavior [ RunTime:0.000000s ]
INFO: [ app_init ] --END-- [ RunTime:0.002000s ]
INFO: [ app_begin ] --START--
INFO: Run Behavior\ReadHtmlCacheBehavior [ RunTime:0.002000s ]
INFO: [ app_begin ] --END-- [ RunTime:0.002000s ]
NOTIC: [8] Use of undefined constant IS_FILE - assumed 'IS_FILE' D:\test1\execl\Application\Home\Controller\ExcelController.class.php Á¨¨ 22 Ë°å.
NOTIC: [8] Undefined variable: tablename D:\test1\execl\Application\Home\Controller\ExcelController.class.php Á¨¨ 23 Ë°å.
NOTIC: [8192] mysql_connect(): The mysql extension is deprecated and will be removed in the future: use mysqli or PDO instead D:\test1\execl\ThinkPHP\Library\Think\Db\Driver\Mysql.class.php Á¨¨ 52 Ë°å.
SQL: show full fields from  [ RunTime:0.001000s ]
ERR: 1064:You have an error in your SQL syntax; check the manual that corresponds to your MySQL server version for the right syntax to use near '' at line 1
 [ SQLËØ≠Âè• ] : show full fields from 

[ 2015-02-12T17:04:59+08:00 ] 127.0.0.1 /execl/index.php/Home/Excel/upl.html
INFO: [ app_init ] --START--
INFO: Run Behavior\BuildLiteBehavior [ RunTime:0.000000s ]
INFO: [ app_init ] --END-- [ RunTime:0.002000s ]
INFO: [ app_begin ] --START--
INFO: Run Behavior\ReadHtmlCacheBehavior [ RunTime:0.003000s ]
INFO: [ app_begin ] --END-- [ RunTime:0.003000s ]
NOTIC: [8] Use of undefined constant IS_FILE - assumed 'IS_FILE' D:\test1\execl\Application\Home\Controller\ExcelController.class.php Á¨¨ 22 Ë°å.
NOTIC: [8192] mysql_connect(): The mysql extension is deprecated and will be removed in the future: use mysqli or PDO instead D:\test1\execl\ThinkPHP\Library\Think\Db\Driver\Mysql.class.php Á¨¨ 52 Ë°å.
SQL: show full fields from excelimport [ RunTime:0.015000s ]
ERR: 1146:Table 'onethink.excelimport' doesn't exist
 [ SQLËØ≠Âè• ] : show full fields from excelimport

[ 2015-02-12T17:05:05+08:00 ] 127.0.0.1 /execl/index.php/home/excel/index
INFO: [ app_init ] --START--
INFO: Run Behavior\BuildLiteBehavior [ RunTime:0.000000s ]
INFO: [ app_init ] --END-- [ RunTime:0.001000s ]
INFO: [ app_begin ] --START--
INFO: Run Behavior\ReadHtmlCacheBehavior [ RunTime:0.002000s ]
INFO: [ app_begin ] --END-- [ RunTime:0.002000s ]
INFO: [ view_parse ] --START--
INFO: [ template_filter ] --START--
INFO: Run Behavior\ContentReplaceBehavior [ RunTime:0.000000s ]
INFO: [ template_filter ] --END-- [ RunTime:0.001000s ]
INFO: Run Behavior\ParseTemplateBehavior [ RunTime:0.060003s ]
INFO: [ view_parse ] --END-- [ RunTime:0.060003s ]
INFO: [ view_filter ] --START--
INFO: Run Behavior\WriteHtmlCacheBehavior [ RunTime:0.001000s ]
INFO: [ view_filter ] --END-- [ RunTime:0.001000s ]
INFO: [ app_end ] --START--
INFO: Run Behavior\ShowPageTraceBehavior [ RunTime:0.002001s ]
INFO: [ app_end ] --END-- [ RunTime:0.002001s ]

[ 2015-02-12T17:05:15+08:00 ] 127.0.0.1 /execl/index.php/Home/Excel/upl.html
INFO: [ app_init ] --START--
INFO: Run Behavior\BuildLiteBehavior [ RunTime:0.000000s ]
INFO: [ app_init ] --END-- [ RunTime:0.003000s ]
INFO: [ app_begin ] --START--
INFO: Run Behavior\ReadHtmlCacheBehavior [ RunTime:0.002000s ]
INFO: [ app_begin ] --END-- [ RunTime:0.002000s ]
NOTIC: [8] Use of undefined constant IS_FILE - assumed 'IS_FILE' D:\test1\execl\Application\Home\Controller\ExcelController.class.php Á¨¨ 22 Ë°å.
NOTIC: [8192] mysql_connect(): The mysql extension is deprecated and will be removed in the future: use mysqli or PDO instead D:\test1\execl\ThinkPHP\Library\Think\Db\Driver\Mysql.class.php Á¨¨ 52 Ë°å.
SQL: show full fields from excelimport [ RunTime:0.012000s ]
ERR: 1146:Table 'onethink.excelimport' doesn't exist
 [ SQLËØ≠Âè• ] : show full fields from excelimport

[ 2015-02-12T17:08:29+08:00 ] 127.0.0.1 /execl/index.php/home/excel/index
INFO: [ app_init ] --START--
INFO: Run Behavior\BuildLiteBehavior [ RunTime:0.000000s ]
INFO: [ app_init ] --END-- [ RunTime:0.003000s ]
INFO: [ app_begin ] --START--
INFO: Run Behavior\ReadHtmlCacheBehavior [ RunTime:0.003000s ]
INFO: [ app_begin ] --END-- [ RunTime:0.003000s ]
INFO: [ view_parse ] --START--
INFO: [ template_filter ] --START--
INFO: Run Behavior\ContentReplaceBehavior [ RunTime:0.001000s ]
INFO: [ template_filter ] --END-- [ RunTime:0.001000s ]
INFO: Run Behavior\ParseTemplateBehavior [ RunTime:0.021001s ]
INFO: [ view_parse ] --END-- [ RunTime:0.021001s ]
INFO: [ view_filter ] --START--
INFO: Run Behavior\WriteHtmlCacheBehavior [ RunTime:0.001000s ]
INFO: [ view_filter ] --END-- [ RunTime:0.001000s ]
INFO: [ app_end ] --START--
INFO: Run Behavior\ShowPageTraceBehavior [ RunTime:0.002000s ]
INFO: [ app_end ] --END-- [ RunTime:0.002000s ]

[ 2015-02-12T17:08:34+08:00 ] 127.0.0.1 /execl/index.php/Home/Excel/upl.html
INFO: [ app_init ] --START--
INFO: Run Behavior\BuildLiteBehavior [ RunTime:0.000000s ]
INFO: [ app_init ] --END-- [ RunTime:0.001000s ]
INFO: [ app_begin ] --START--
INFO: Run Behavior\ReadHtmlCacheBehavior [ RunTime:0.001000s ]
INFO: [ app_begin ] --END-- [ RunTime:0.001000s ]
NOTIC: [8] Use of undefined constant IS_FILE - assumed 'IS_FILE' D:\test1\execl\Application\Home\Controller\ExcelController.class.php Á¨¨ 22 Ë°å.
NOTIC: [8192] mysql_connect(): The mysql extension is deprecated and will be removed in the future: use mysqli or PDO instead D:\test1\execl\ThinkPHP\Library\Think\Db\Driver\Mysql.class.php Á¨¨ 52 Ë°å.
SQL: show full fields from excelimport [ RunTime:0.010001s ]
ERR: 1146:Table 'onethink.excelimport' doesn't exist
 [ SQLËØ≠Âè• ] : show full fields from excelimport

